#
# A fatal error has been detected by the Java Runtime Environment:
#
#  EXCEPTION_ACCESS_VIOLATION (0xc0000005) at pc=0x0000017bf5221050, pid=6156, tid=9160
#
# JRE version: OpenJDK Runtime Environment Temurin-21.0.2+13 (21.0.2+13) (build 21.0.2+13-LTS)
# Java VM: OpenJDK 64-Bit Server VM Temurin-21.0.2+13 (21.0.2+13-LTS, mixed mode, emulated-client, sharing, tiered, compressed oops, compressed class ptrs, g1 gc, windows-amd64)
# Problematic frame:
# v  ~BufferBlob::MethodHandles adapters 0x0000017bf5221050
#
# No core dump will be written. Minidumps are not enabled by default on client versions of Windows
#
# If you would like to submit a bug report, please visit:
#   https://github.com/adoptium/adoptium-support/issues
#

---------------  S U M M A R Y ------------

Command Line: -XX:+ShowCodeDetailsInExceptionMessages -agentlib:jdwp=transport=dt_socket,suspend=y,address=localhost:60699 -Dcom.sun.management.jmxremote -Dcom.sun.management.jmxremote.port=60698 -Dcom.sun.management.jmxremote.authenticate=false -Dcom.sun.management.jmxremote.ssl=false -Djava.rmi.server.hostname=localhost -Dspring.jmx.enabled=true -Dmanagement.endpoints.jmx.exposure.include=* -Dspring.application.admin.enabled=true -XX:TieredStopAtLevel=1 -Dspring.boot.project.name=NumericalManagementApplication -javaagent:C:\pleiades\2024-03\eclipse\configuration\org.eclipse.osgi\251\0\.cp\lib\javaagent-shaded.jar -Dfile.encoding=UTF-8 -Dstdout.encoding=UTF-8 -Dstderr.encoding=UTF-8 app.NumericalManagementApplication --spring.output.ansi.enabled=always

Host: Intel(R) Core(TM) i7-7700 CPU @ 3.60GHz, 8 cores, 15G,  Windows 10 , 64 bit Build 19041 (10.0.19041.3636)
Time: Sun Jun 16 23:39:30 2024  Windows 10 , 64 bit Build 19041 (10.0.19041.3636) elapsed time: 1019.814615 seconds (0d 0h 16m 59s)

---------------  T H R E A D  ---------------

Current thread (0x0000017bc919a090):  JavaThread "restartedMain"        [_thread_in_Java, id=9160, stack(0x0000007a5c500000,0x0000007a5c600000) (1024K)]

Stack: [0x0000007a5c500000,0x0000007a5c600000],  sp=0x0000007a5c5fd9d8,  free space=1014k
Native frames: (J=compiled Java code, j=interpreted, Vv=VM code, C=native code)
C  0x0000017bf5221050

The last pc belongs to _linkToSpecial (printed below).

siginfo: EXCEPTION_ACCESS_VIOLATION (0xc0000005), reading address 0xffffffffffffffff


Registers:
RAX=0x0000017bf51f9086, RBX=0xe0884e2700000001, RCX=0x0000007a5c5fd9e0, RDX=0x0000000000000002
RSP=0x0000007a5c5fd9d8, RBP=0x0000007a5c5fda28, RSI=0x0000017bc1c5d3a8, RDI=0x0000017bc1f0fca0
R8 =0x0000000000000004, R9 =0x0000000000000004, R10=0x00007ff9ef9e2ab0, R11=0x0000017b800b6430
R12=0x0000000000000000, R13=0x0000007a5c5fd9d8, R14=0x0000007a5c5fda48, R15=0x0000017bc919a090
RIP=0x0000017bf5221050, EFLAGS=0x0000000000010202


Register to memory mapping:

RAX=0x0000017bf51f9086 is at code_begin+3078 in an Interpreter codelet
return entry points  [0x0000017bf51f8480, 0x0000017bf51fa298]  7704 bytes
RBX=0xe0884e2700000001 is an unknown value
RCX=0x0000007a5c5fd9e0 is pointing into the stack for thread: 0x0000017bc919a090
RDX=0x0000000000000002 is an unknown value
RSP=0x0000007a5c5fd9d8 is pointing into the stack for thread: 0x0000017bc919a090
RBP=0x0000007a5c5fda28 is pointing into the stack for thread: 0x0000017bc919a090
RSI=0x0000017bc1c5d3a8 points into unknown readable memory: 0x88000c00dfbf3788 | 88 37 bf df 00 0c 00 88
RDI=0x0000017bc1f0fca0 points into unknown readable memory: 0x0000001800000070 | 70 00 00 00 18 00 00 00
R8 =0x0000000000000004 is an unknown value
R9 =0x0000000000000004 is an unknown value
R10=0x00007ff9ef9e2ab0 jvm.dll
R11={method} {0x0000017b800b6438} 'newInvokeSpecial' '(Ljava/lang/Object;)Ljava/lang/Object;' in 'java/lang/invoke/DirectMethodHandle$Holder'
R12=0x0 is null
R13=0x0000007a5c5fd9d8 is pointing into the stack for thread: 0x0000017bc919a090
R14=0x0000007a5c5fda48 is pointing into the stack for thread: 0x0000017bc919a090
R15=0x0000017bc919a090 is a thread

Top of Stack: (sp=0x0000007a5c5fd9d8)
0x0000007a5c5fd9d8:   0000017bf51f9086 0000007a5c5fd9e0
0x0000007a5c5fd9e8:   0000017b8072d03f 0000000000000004
0x0000007a5c5fd9f8:   0000017b800b18e8 0000000706e9bd70
0x0000007a5c5fda08:   0000000700fa04d0 0000017b800b6430
0x0000007a5c5fda18:   0000007a5c5fd9d8 0000007a5c5fda50
0x0000007a5c5fda28:   0000007a5c5feab0 0000017bf559c94b
0x0000007a5c5fda38:   0000000704427040 00000007044270e8
0x0000007a5c5fda48:   00000007044270a0 0000000704426e50
0x0000007a5c5fda58:   00007ff9ef2c4f61 0000007a5c5feab0
0x0000007a5c5fda68:   0000017bf5b2eb8c 0000017bc9264201
0x0000007a5c5fda78:   0000017bc6f2a1c0 0000017bc118b570
0x0000007a5c5fda88:   00007ff9ef2a512e 0000017bc919a090
0x0000007a5c5fda98:   0000017bc118b570 0000000000000000
0x0000007a5c5fdaa8:   0000000000000000 0000017bc63645c0
0x0000007a5c5fdab8:   00007ffa58c345f2 00007ffa58c42bb0
0x0000007a5c5fdac8:   00000007015865f8 0000000706e9bd70
0x0000007a5c5fdad8:   0000000704426d18 0000000704426d18
0x0000007a5c5fdae8:   0000000704426e50 00000007044270d0
0x0000007a5c5fdaf8:   0000000704426ea8 0000000706e9bd70
0x0000007a5c5fdb08:   0000000000000001 0000007a5c5feab0
0x0000007a5c5fdb18:   0000017b00000000 0000000000000000
0x0000007a5c5fdb28:   0000000000000000 00000007044270a0
0x0000007a5c5fdb38:   0000017bf5632fdc 0000000000000000
0x0000007a5c5fdb48:   0000000000000000 0000000000000000
0x0000007a5c5fdb58:   0000017bc28c7b00 0000017bc919a090
0x0000007a5c5fdb68:   0000000000000000 0000000704426e50
0x0000007a5c5fdb78:   0000000000000000 0000000704426d18
0x0000007a5c5fdb88:   00000007044270d0 0000000704426e50
0x0000007a5c5fdb98:   0000000000000000 0000000705ba2100
0x0000007a5c5fdba8:   0000017bf559be6c 0000007a5c5feab0
0x0000007a5c5fdbb8:   0000017bf5597c6a 0000000000000000
0x0000007a5c5fdbc8:   0000017bf548e4a9 0000000000000000 

Instructions: (pc=0x0000017bf5221050)
0x0000017bf5220f50:   bf e0 05 00 00 00 74 03 ff 63 38 ff 63 50 e9 9d
0x0000017bf5220f60:   16 00 00 66 66 66 0f 1f 84 00 00 00 00 00 66 66
0x0000017bf5220f70:   66 90 66 66 0f 1f 84 00 00 00 00 00 66 66 66 90
0x0000017bf5220f80:   48 8b 53 08 0f b7 52 2e 48 8b 0c d4 58 5b 50 44
0x0000017bf5220f90:   8b 51 08 49 bb 00 00 00 80 7b 01 00 00 4d 03 d3
0x0000017bf5220fa0:   4c 8b 5b 10 4b 8b 9c da c8 01 00 00 48 85 db 0f
0x0000017bf5220fb0:   84 10 00 00 00 41 80 bf e0 05 00 00 00 74 03 ff
0x0000017bf5220fc0:   63 38 ff 63 50 e9 36 16 00 00 66 66 66 0f 1f 84
0x0000017bf5220fd0:   00 00 00 00 00 66 66 66 90 0f 1f 80 00 00 00 00
0x0000017bf5220fe0:   58 5b 50 8b 5b 24 48 c1 e3 03 48 8b 5b 10 48 85
0x0000017bf5220ff0:   db 0f 84 10 00 00 00 41 80 bf e0 05 00 00 00 74
0x0000017bf5221000:   03 ff 63 38 ff 63 50 e9 f4 15 00 00 66 66 66 0f
0x0000017bf5221010:   1f 84 00 00 00 00 00 66 66 66 90 0f 1f 44 00 00
0x0000017bf5221020:   48 8b 53 08 0f b7 52 2e 48 8b 0c d4 58 5b 50 48
0x0000017bf5221030:   3b 01 8b 5b 24 48 c1 e3 03 48 8b 5b 10 48 85 db
0x0000017bf5221040:   0f 84 10 00 00 00 41 80 bf e0 05 00 00 00 74 03
0x0000017bf5221050:   ff 63 38 ff 63 50 e9 a5 15 00 00 0f 1f 44 00 00
0x0000017bf5221060:   48 8b 53 08 0f b7 52 2e 48 8b 0c d4 58 5b 50 44
0x0000017bf5221070:   8b 51 08 49 bb 00 00 00 80 7b 01 00 00 4d 03 d3
0x0000017bf5221080:   8b 43 18 48 c1 e0 03 48 8b 40 10 48 8b 5b 10 45
0x0000017bf5221090:   8b 9a a0 00 00 00 4f 8d 9c da c8 01 00 00 4d 8d
0x0000017bf52210a0:   14 da 49 8b 1b 48 3b c3 74 15 48 85 db 0f 84 32
0x0000017bf52210b0:   00 00 00 49 83 c3 10 49 8b 1b 48 3b c3 75 eb 45
0x0000017bf52210c0:   8b 5b 08 4b 8b 1c 1a 48 85 db 0f 84 10 00 00 00
0x0000017bf52210d0:   41 80 bf e0 05 00 00 00 74 03 ff 63 38 ff 63 50
0x0000017bf52210e0:   e9 1b 15 00 00 e9 16 12 00 00 f4 00 00 00 00 00
0x0000017bf52210f0:   00 00 00 00 00 00 00 00 00 00 00 00 00 00 00 00
0x0000017bf5221100:   00 00 00 00 00 00 00 00 00 00 00 00 00 00 00 00
0x0000017bf5221110:   00 00 00 00 00 00 00 00 00 00 00 00 00 00 00 00
0x0000017bf5221120:   00 00 00 00 00 00 00 00 00 00 00 00 00 00 00 00
0x0000017bf5221130:   00 00 00 00 00 00 00 00 00 00 00 00 00 00 00 00
0x0000017bf5221140:   00 00 00 00 00 00 00 00 00 00 00 00 00 00 00 00 


Stack slot to memory mapping:

stack at sp + 0 slots: 0x0000017bf51f9086 is at code_begin+3078 in an Interpreter codelet
return entry points  [0x0000017bf51f8480, 0x0000017bf51fa298]  7704 bytes
stack at sp + 1 slots: 0x0000007a5c5fd9e0 is pointing into the stack for thread: 0x0000017bc919a090
stack at sp + 2 slots: 0x0000017b8072d03f is pointing into metadata
stack at sp + 3 slots: 0x0000000000000004 is an unknown value
stack at sp + 4 slots: 0x0000017b800b18e8 is pointing into metadata
stack at sp + 5 slots: 0x0000000706e9bd70 is an oop: java.lang.Class 
{0x0000000706e9bd70} - klass: 'java/lang/Class'
 - ---- fields (total size 14 words):
 - private volatile transient 'classRedefinedCount' 'I' @12  1 (0x00000001)
 - injected 'klass' 'J' @16  1629969107984 (0x0000017b81bacc10)
 - injected 'array_klass' 'J' @24  0 (0x0000000000000000)
 - injected 'oop_size' 'I' @32  14 (0x0000000e)
 - injected 'static_oop_field_count' 'I' @36  0 (0x00000000)
 - private volatile transient 'cachedConstructor' 'Ljava/lang/reflect/Constructor;' @40  null (0x00000000)
 - private transient 'name' 'Ljava/lang/String;' @44  "app.login.controller.LoginController"{0x00000007011afef0} (0xe0235fde)
 - private transient 'module' 'Ljava/lang/Module;' @48  a 'java/lang/Module'{0x0000000707600300} (0xe0ec0060)
 - private final 'classLoader' 'Ljava/lang/ClassLoader;' @52  a 'org/springframework/boot/devtools/restart/classloader/RestartClassLoader'{0x0000000707600170} (0xe0ec002e)
 - private transient 'classData' 'Ljava/lang/Object;' @56  null (0x00000000)
 - private transient 'packageName' 'Ljava/lang/String;' @60  "app.login.controller"{0x00000007011afc60} (0xe0235f8c)
 - private final 'componentType' 'Ljava/lang/Class;' @64  null (0x00000000)
 - private volatile transient 'reflectionData' 'Ljava/lang/ref/SoftReference;' @68  a 'java/lang/ref/SoftReference'{0x0000000705ae72f8} (0xe0b5ce5f)
 - private volatile transient 'genericInfo' 'Lsun/reflect/generics/repository/ClassRepository;' @72  null (0x00000000)
 - private volatile transient 'enumConstants' '[Ljava/lang/Object;' @76  null (0x00000000)
 - private volatile transient 'enumConstantDirectory' 'Ljava/util/Map;' @80  null (0x00000000)
 - private volatile transient 'annotationData' 'Ljava/lang/Class$AnnotationData;' @84  a 'java/lang/Class$AnnotationData'{0x0000000705ae7858} (0xe0b5cf0b)
 - private volatile transient 'annotationType' 'Lsun/reflect/annotation/AnnotationType;' @88  null (0x00000000)
 - transient 'classValueMap' 'Ljava/lang/ClassValue$ClassValueMap;' @92  null (0x00000000)
 - injected 'protection_domain' 'Ljava/lang/Object;' @96  a 'java/security/ProtectionDomain'{0x000000070761dca0} (0xe0ec3b94)
 - injected 'signers_name' 'Ljava/lang/Object;' @100  null (0x00000000)
 - injected 'source_file' 'Ljava/lang/Object;' @104  null (0x00000000)
 - signature: Lapp/login/controller/LoginController;
 - ---- static fields (0):
stack at sp + 6 slots: 0x0000000700fa04d0 is an oop: java.lang.Class 
{0x0000000700fa04d0} - klass: 'java/lang/Class'
 - ---- fields (total size 14 words):
 - private volatile transient 'classRedefinedCount' 'I' @12  0 (0x00000000)
 - injected 'klass' 'J' @16  1629940815032 (0x0000017b800b14b8)
 - injected 'array_klass' 'J' @24  0 (0x0000000000000000)
 - injected 'oop_size' 'I' @32  14 (0x0000000e)
 - injected 'static_oop_field_count' 'I' @36  0 (0x00000000)
 - private volatile transient 'cachedConstructor' 'Ljava/lang/reflect/Constructor;' @40  null (0x00000000)
 - private transient 'name' 'Ljava/lang/String;' @44  null (0x00000000)
 - private transient 'module' 'Ljava/lang/Module;' @48  a 'java/lang/Module'{0x0000000700f8df10} (0xe01f1be2)
 - private final 'classLoader' 'Ljava/lang/ClassLoader;' @52  null (0x00000000)
 - private transient 'classData' 'Ljava/lang/Object;' @56  null (0x00000000)
 - private transient 'packageName' 'Ljava/lang/String;' @60  null (0x00000000)
 - private final 'componentType' 'Ljava/lang/Class;' @64  null (0x00000000)
 - private volatile transient 'reflectionData' 'Ljava/lang/ref/SoftReference;' @68  null (0x00000000)
 - private volatile transient 'genericInfo' 'Lsun/reflect/generics/repository/ClassRepository;' @72  null (0x00000000)
 - private volatile transient 'enumConstants' '[Ljava/lang/Object;' @76  null (0x00000000)
 - private volatile transient 'enumConstantDirectory' 'Ljava/util/Map;' @80  null (0x00000000)
 - private volatile transient 'annotationData' 'Ljava/lang/Class$AnnotationData;' @84  null (0x00000000)
 - private volatile transient 'annotationType' 'Lsun/reflect/annotation/AnnotationType;' @88  null (0x00000000)
 - transient 'classValueMap' 'Ljava/lang/ClassValue$ClassValueMap;' @92  null (0x00000000)
 - injected 'protection_domain' 'Ljava/lang/Object;' @96  null (0x00000000)
 - injected 'signers_name' 'Ljava/lang/Object;' @100  null (0x00000000)
 - injected 'source_file' 'Ljava/lang/Object;' @104  null (0x00000000)
 - signature: Ljava/lang/invoke/DirectMethodHandle$Holder;
 - ---- static fields (0):
stack at sp + 7 slots: {method} {0x0000017b800b6438} 'newInvokeSpecial' '(Ljava/lang/Object;)Ljava/lang/Object;' in 'java/lang/invoke/DirectMethodHandle$Holder'

MethodHandle::interpreter_entry::_linkToSpecial [0x0000017bf522100c, 0x0000017bf522105b] (79 bytes)
[MachCode]
  0x0000017bf522100c: 6666 660f | 1f84 0000 | 0000 0066 | 6666 900f | 1f44 0000 | 488b 5308 | 0fb7 522e | 488b 0cd4 
  0x0000017bf522102c: 585b 5048 | 3b01 8b5b | 2448 c1e3 | 0348 8b5b | 1048 85db | 0f84 1000 | 0000 4180 | bfe0 0500 
  0x0000017bf522104c: 0000 7403 | ff63 38ff | 6350 e9a5 | 
[/MachCode]

---------------  P R O C E S S  ---------------

Threads class SMR info:
_java_thread_list=0x0000017bc99d23c0, length=40, elements={
0x0000017bc102c5e0, 0x0000017bc102e050, 0x0000017bc1030ac0, 0x0000017bc10317a0,
0x0000017bc1032200, 0x0000017bc1038170, 0x0000017bc103cbe0, 0x0000017bc113b9a0,
0x0000017bc11d0100, 0x0000017bc11d52b0, 0x0000017bc11d5930, 0x0000017bc113b310,
0x0000017bc113c030, 0x0000017bc113cd50, 0x0000017bc1139f60, 0x0000017bc113a5f0,
0x0000017bc6436690, 0x0000017bc643c270, 0x0000017bc919a720, 0x0000017bc9197fc0,
0x0000017bc9199a00, 0x0000017bc6437a40, 0x0000017bc113c6c0, 0x0000017bc113ac80,
0x0000017bc919adb0, 0x0000017bc919a090, 0x0000017bc9197930, 0x0000017bc9198650,
0x0000017bc9198ce0, 0x0000017bc9199370, 0x0000017bc6439480, 0x0000017bc64380d0,
0x0000017bc6436d20, 0x0000017bc643a1a0, 0x0000017bc6439b10, 0x0000017bc6438760,
0x0000017bc64352e0, 0x0000017bc643aec0, 0x0000017bc643c900, 0x0000017bc64373b0
}

Java Threads: ( => current thread )
  0x0000017bc102c5e0 JavaThread "Reference Handler"          daemon [_thread_blocked, id=1408, stack(0x0000007a5ac00000,0x0000007a5ad00000) (1024K)]
  0x0000017bc102e050 JavaThread "Finalizer"                  daemon [_thread_blocked, id=2804, stack(0x0000007a5ad00000,0x0000007a5ae00000) (1024K)]
  0x0000017bc1030ac0 JavaThread "Signal Dispatcher"          daemon [_thread_blocked, id=8604, stack(0x0000007a5ae00000,0x0000007a5af00000) (1024K)]
  0x0000017bc10317a0 JavaThread "Attach Listener"            daemon [_thread_blocked, id=13152, stack(0x0000007a5af00000,0x0000007a5b000000) (1024K)]
  0x0000017bc1032200 JavaThread "Service Thread"             daemon [_thread_blocked, id=15256, stack(0x0000007a5b000000,0x0000007a5b100000) (1024K)]
  0x0000017bc1038170 JavaThread "Monitor Deflation Thread"   daemon [_thread_blocked, id=13156, stack(0x0000007a5b100000,0x0000007a5b200000) (1024K)]
  0x0000017bc103cbe0 JavaThread "C1 CompilerThread0"         daemon [_thread_blocked, id=12544, stack(0x0000007a5b200000,0x0000007a5b300000) (1024K)]
  0x0000017bc113b9a0 JavaThread "Common-Cleaner"             daemon [_thread_blocked, id=21452, stack(0x0000007a5b300000,0x0000007a5b400000) (1024K)]
  0x0000017bc11d0100 JavaThread "JDWP Transport Listener: dt_socket" daemon [_thread_blocked, id=3136, stack(0x0000007a5b700000,0x0000007a5b800000) (1024K)]
  0x0000017bc11d52b0 JavaThread "JDWP Event Helper Thread"   daemon [_thread_blocked, id=13304, stack(0x0000007a5b800000,0x0000007a5b900000) (1024K)]
  0x0000017bc11d5930 JavaThread "JDWP Command Reader"        daemon [_thread_blocked, id=1424, stack(0x0000007a5b900000,0x0000007a5ba00000) (1024K)]
  0x0000017bc113b310 JavaThread "Notification Thread"        daemon [_thread_blocked, id=20616, stack(0x0000007a5b600000,0x0000007a5b700000) (1024K)]
  0x0000017bc113c030 JavaThread "RMI TCP Accept-0"           daemon [_thread_in_native, id=12744, stack(0x0000007a5c200000,0x0000007a5c300000) (1024K)]
  0x0000017bc113cd50 JavaThread "RMI TCP Accept-60698"       daemon [_thread_in_native, id=6684, stack(0x0000007a5c300000,0x0000007a5c400000) (1024K)]
  0x0000017bc1139f60 JavaThread "RMI TCP Accept-0"           daemon [_thread_in_native, id=18920, stack(0x0000007a5c400000,0x0000007a5c500000) (1024K)]
  0x0000017bc113a5f0 JavaThread "RMI Scheduler(0)"           daemon [_thread_blocked, id=20704, stack(0x0000007a5c800000,0x0000007a5c900000) (1024K)]
  0x0000017bc6436690 JavaThread "JMX server connection timeout 41" daemon [_thread_blocked, id=20752, stack(0x0000007a5ca00000,0x0000007a5cb00000) (1024K)]
  0x0000017bc643c270 JavaThread "mysql-cj-abandoned-connection-cleanup" daemon [_thread_blocked, id=9404, stack(0x0000007a5d900000,0x0000007a5da00000) (1024K)]
  0x0000017bc919a720 JavaThread "Live Reload Server"         daemon [_thread_in_native, id=20680, stack(0x0000007a5de00000,0x0000007a5df00000) (1024K)]
  0x0000017bc9197fc0 JavaThread "DestroyJavaVM"                     [_thread_blocked, id=7572, stack(0x0000007a5a400000,0x0000007a5a500000) (1024K)]
  0x0000017bc9199a00 JavaThread "RMI TCP Connection(idle)"   daemon [_thread_blocked, id=9068, stack(0x0000007a5a300000,0x0000007a5a400000) (1024K)]
  0x0000017bc6437a40 JavaThread "RMI TCP Connection(idle)"   daemon [_thread_blocked, id=1420, stack(0x0000007a5db00000,0x0000007a5dc00000) (1024K)]
  0x0000017bc113c6c0 JavaThread "RMI TCP Connection(idle)"   daemon [_thread_blocked, id=11904, stack(0x0000007a5dc00000,0x0000007a5dd00000) (1024K)]
  0x0000017bc113ac80 JavaThread "RMI TCP Connection(idle)"   daemon [_thread_blocked, id=19844, stack(0x0000007a5b500000,0x0000007a5b600000) (1024K)]
  0x0000017bc919adb0 JavaThread "Thread-59"                         [_thread_blocked, id=20868, stack(0x0000007a5ba00000,0x0000007a5bb00000) (1024K)]
=>0x0000017bc919a090 JavaThread "restartedMain"                     [_thread_in_Java, id=9160, stack(0x0000007a5c500000,0x0000007a5c600000) (1024K)]
  0x0000017bc9197930 JavaThread "Catalina-utility-1"                [_thread_blocked, id=16368, stack(0x0000007a5c600000,0x0000007a5c700000) (1024K)]
  0x0000017bc9198650 JavaThread "http-nio-8080-exec-1"       daemon [_thread_blocked, id=3556, stack(0x0000007a5c700000,0x0000007a5c800000) (1024K)]
  0x0000017bc9198ce0 JavaThread "Catalina-utility-2"                [_thread_blocked, id=14988, stack(0x0000007a5c900000,0x0000007a5ca00000) (1024K)]
  0x0000017bc9199370 JavaThread "http-nio-8080-exec-2"       daemon [_thread_blocked, id=20216, stack(0x0000007a5cb00000,0x0000007a5cc00000) (1024K)]
  0x0000017bc6439480 JavaThread "http-nio-8080-exec-3"       daemon [_thread_blocked, id=20800, stack(0x0000007a5cd00000,0x0000007a5ce00000) (1024K)]
  0x0000017bc64380d0 JavaThread "http-nio-8080-exec-4"       daemon [_thread_blocked, id=21116, stack(0x0000007a5ce00000,0x0000007a5cf00000) (1024K)]
  0x0000017bc6436d20 JavaThread "http-nio-8080-exec-5"       daemon [_thread_blocked, id=20900, stack(0x0000007a5cf00000,0x0000007a5d000000) (1024K)]
  0x0000017bc643a1a0 JavaThread "http-nio-8080-exec-6"       daemon [_thread_blocked, id=20744, stack(0x0000007a5d000000,0x0000007a5d100000) (1024K)]
  0x0000017bc6439b10 JavaThread "http-nio-8080-exec-7"       daemon [_thread_blocked, id=18548, stack(0x0000007a5d100000,0x0000007a5d200000) (1024K)]
  0x0000017bc6438760 JavaThread "http-nio-8080-exec-8"       daemon [_thread_blocked, id=17012, stack(0x0000007a5d200000,0x0000007a5d300000) (1024K)]
  0x0000017bc64352e0 JavaThread "http-nio-8080-exec-9"       daemon [_thread_blocked, id=15536, stack(0x0000007a5d300000,0x0000007a5d400000) (1024K)]
  0x0000017bc643aec0 JavaThread "http-nio-8080-exec-10"      daemon [_thread_blocked, id=21024, stack(0x0000007a5d400000,0x0000007a5d500000) (1024K)]
  0x0000017bc643c900 JavaThread "container-0"                       [_thread_blocked, id=21432, stack(0x0000007a5d500000,0x0000007a5d600000) (1024K)]
  0x0000017bc64373b0 JavaThread "HikariPool-16 housekeeper"  daemon [_thread_blocked, id=17664, stack(0x0000007a5d600000,0x0000007a5d700000) (1024K)]
Total: 40

Other Threads:
  0x0000017bc100cf90 VMThread "VM Thread"                           [id=16860, stack(0x0000007a5ab00000,0x0000007a5ac00000) (1024K)] _threads_hazard_ptr=0x0000017bc99d23c0
  0x0000017bff661410 WatcherThread "VM Periodic Task Thread"        [id=20648, stack(0x0000007a5aa00000,0x0000007a5ab00000) (1024K)]
  0x0000017becbc2750 WorkerThread "GC Thread#0"                     [id=15292, stack(0x0000007a5a500000,0x0000007a5a600000) (1024K)]
  0x0000017bc1c933b0 WorkerThread "GC Thread#1"                     [id=21032, stack(0x0000007a5bb00000,0x0000007a5bc00000) (1024K)]
  0x0000017bc1c93750 WorkerThread "GC Thread#2"                     [id=20596, stack(0x0000007a5bc00000,0x0000007a5bd00000) (1024K)]
  0x0000017bc1c93af0 WorkerThread "GC Thread#3"                     [id=19300, stack(0x0000007a5bd00000,0x0000007a5be00000) (1024K)]
  0x0000017bc1c93e90 WorkerThread "GC Thread#4"                     [id=7424, stack(0x0000007a5be00000,0x0000007a5bf00000) (1024K)]
  0x0000017bc1c94a50 WorkerThread "GC Thread#5"                     [id=5420, stack(0x0000007a5bf00000,0x0000007a5c000000) (1024K)]
  0x0000017bc1cb94e0 WorkerThread "GC Thread#6"                     [id=10776, stack(0x0000007a5c000000,0x0000007a5c100000) (1024K)]
  0x0000017bc1cb9880 WorkerThread "GC Thread#7"                     [id=20332, stack(0x0000007a5c100000,0x0000007a5c200000) (1024K)]
  0x0000017becbd3ec0 ConcurrentGCThread "G1 Main Marker"            [id=12344, stack(0x0000007a5a600000,0x0000007a5a700000) (1024K)]
  0x0000017becbd4d40 WorkerThread "G1 Conc#0"                       [id=5756, stack(0x0000007a5a700000,0x0000007a5a800000) (1024K)]
  0x0000017bc6468b10 WorkerThread "G1 Conc#1"                       [id=20768, stack(0x0000007a5cc00000,0x0000007a5cd00000) (1024K)]
  0x0000017bff524500 ConcurrentGCThread "G1 Refine#0"               [id=10488, stack(0x0000007a5a800000,0x0000007a5a900000) (1024K)]
  0x0000017bff524e80 ConcurrentGCThread "G1 Service"                [id=8528, stack(0x0000007a5a900000,0x0000007a5aa00000) (1024K)]
Total: 15

Threads with active compile tasks:
Total: 0

VM state: synchronizing (normal execution)

VM Mutex/Monitor currently owned by a thread:  ([mutex/lock_event])
[0x00007ff9ef9d3198] Threads_lock - owner thread: 0x0000017bc100cf90

Heap address: 0x0000000700c00000, size: 4084 MB, Compressed Oops mode: Zero based, Oop shift amount: 3

CDS archive(s) mapped at: [0x0000017b80000000-0x0000017b80c90000-0x0000017b80c90000), size 13172736, SharedBaseAddress: 0x0000017b80000000, ArchiveRelocationMode: 1.
Compressed class space mapped at: 0x0000017b81000000-0x0000017bc1000000, reserved size: 1073741824
Narrow klass base: 0x0000017b80000000, Narrow klass shift: 0, Narrow klass range: 0x100000000

GC Precious Log:
 CardTable entry size: 512
 Card Set container configuration: InlinePtr #cards 4 size 8 Array Of Cards #cards 16 size 48 Howl #buckets 8 coarsen threshold 3686 Howl Bitmap #cards 512 size 80 coarsen threshold 460 Card regions per heap region 1 cards per card region 4096
 CPUs: 8 total, 8 available
 Memory: 16329M
 Large Page Support: Disabled
 NUMA Support: Disabled
 Compressed Oops: Enabled (Zero based)
 Heap Region Size: 2M
 Heap Min Capacity: 8M
 Heap Initial Capacity: 256M
 Heap Max Capacity: 4084M
 Pre-touch: Disabled
 Parallel Workers: 8
 Concurrent Workers: 2
 Concurrent Refinement Workers: 8
 Periodic GC: Disabled

Heap:
 garbage-first heap   total 110592K, used 81408K [0x0000000700c00000, 0x0000000800000000)
  region size 2048K, 27 young (55296K), 0 survivors (0K)
 Metaspace       used 84355K, committed 85248K, reserved 1179648K
  class space    used 11500K, committed 11904K, reserved 1048576K

Heap Regions: E=young(eden), S=young(survivor), O=old, HS=humongous(starts), HC=humongous(continues), CS=collection set, F=free, TAMS=top-at-mark-start, PB=parsable bottom
|   0|0x0000000700c00000, 0x0000000700e00000, 0x0000000700e00000|100%| O|  |TAMS 0x0000000700c00000| PB 0x0000000700c00000| Untracked 
|   1|0x0000000700e00000, 0x0000000701000000, 0x0000000701000000|100%| O|  |TAMS 0x0000000700e00000| PB 0x0000000700e00000| Untracked 
|   2|0x0000000701000000, 0x0000000701200000, 0x0000000701200000|100%| O|  |TAMS 0x0000000701000000| PB 0x0000000701000000| Untracked 
|   3|0x0000000701200000, 0x00000007013ffff8, 0x0000000701400000| 99%| O|  |TAMS 0x0000000701200000| PB 0x0000000701200000| Untracked 
|   4|0x0000000701400000, 0x00000007015ffff0, 0x0000000701600000| 99%| O|  |TAMS 0x0000000701400000| PB 0x0000000701400000| Untracked 
|   5|0x0000000701600000, 0x0000000701800000, 0x0000000701800000|100%| O|  |TAMS 0x0000000701600000| PB 0x0000000701600000| Untracked 
|   6|0x0000000701800000, 0x00000007019fffb0, 0x0000000701a00000| 99%| O|  |TAMS 0x0000000701800000| PB 0x0000000701800000| Untracked 
|   7|0x0000000701a00000, 0x0000000701bffee0, 0x0000000701c00000| 99%| O|  |TAMS 0x0000000701a00000| PB 0x0000000701a00000| Untracked 
|   8|0x0000000701c00000, 0x0000000701dfffe8, 0x0000000701e00000| 99%| O|  |TAMS 0x0000000701c00000| PB 0x0000000701c00000| Untracked 
|   9|0x0000000701e00000, 0x0000000701fffff8, 0x0000000702000000| 99%| O|  |TAMS 0x0000000701e00000| PB 0x0000000701e00000| Untracked 
|  10|0x0000000702000000, 0x00000007021ab510, 0x0000000702200000| 83%| O|  |TAMS 0x0000000702000000| PB 0x0000000702000000| Untracked 
|  11|0x0000000702200000, 0x00000007023fffc8, 0x0000000702400000| 99%| O|  |TAMS 0x0000000702200000| PB 0x0000000702200000| Untracked 
|  12|0x0000000702400000, 0x0000000702575808, 0x0000000702600000| 72%| O|  |TAMS 0x0000000702400000| PB 0x0000000702400000| Untracked 
|  13|0x0000000702600000, 0x00000007027ffdc0, 0x0000000702800000| 99%| O|  |TAMS 0x0000000702600000| PB 0x0000000702600000| Untracked 
|  14|0x0000000702800000, 0x00000007029630f0, 0x0000000702a00000| 69%| O|  |TAMS 0x0000000702800000| PB 0x0000000702800000| Untracked 
|  15|0x0000000702a00000, 0x0000000702afc838, 0x0000000702c00000| 49%| O|  |TAMS 0x0000000702a00000| PB 0x0000000702a00000| Untracked 
|  16|0x0000000702c00000, 0x0000000702c00000, 0x0000000702e00000|  0%| F|  |TAMS 0x0000000702c00000| PB 0x0000000702c00000| Untracked 
|  17|0x0000000702e00000, 0x0000000702e00000, 0x0000000703000000|  0%| F|  |TAMS 0x0000000702e00000| PB 0x0000000702e00000| Untracked 
|  18|0x0000000703000000, 0x0000000703000000, 0x0000000703200000|  0%| F|  |TAMS 0x0000000703000000| PB 0x0000000703000000| Untracked 
|  19|0x0000000703200000, 0x0000000703200000, 0x0000000703400000|  0%| F|  |TAMS 0x0000000703200000| PB 0x0000000703200000| Untracked 
|  20|0x0000000703400000, 0x0000000703400000, 0x0000000703600000|  0%| F|  |TAMS 0x0000000703400000| PB 0x0000000703400000| Untracked 
|  21|0x0000000703600000, 0x0000000703600000, 0x0000000703800000|  0%| F|  |TAMS 0x0000000703600000| PB 0x0000000703600000| Untracked 
|  22|0x0000000703800000, 0x0000000703800000, 0x0000000703a00000|  0%| F|  |TAMS 0x0000000703800000| PB 0x0000000703800000| Untracked 
|  23|0x0000000703a00000, 0x0000000703a00000, 0x0000000703c00000|  0%| F|  |TAMS 0x0000000703a00000| PB 0x0000000703a00000| Untracked 
|  24|0x0000000703c00000, 0x0000000703c00000, 0x0000000703e00000|  0%| F|  |TAMS 0x0000000703c00000| PB 0x0000000703c00000| Untracked 
|  25|0x0000000703e00000, 0x0000000703e00000, 0x0000000704000000|  0%| F|  |TAMS 0x0000000703e00000| PB 0x0000000703e00000| Untracked 
|  26|0x0000000704000000, 0x0000000704000000, 0x0000000704200000|  0%| F|  |TAMS 0x0000000704000000| PB 0x0000000704000000| Untracked 
|  27|0x0000000704200000, 0x00000007043dd7c0, 0x0000000704400000| 93%| E|  |TAMS 0x0000000704200000| PB 0x0000000704200000| Complete 
|  28|0x0000000704400000, 0x0000000704600000, 0x0000000704600000|100%| E|CS|TAMS 0x0000000704400000| PB 0x0000000704400000| Complete 
|  29|0x0000000704600000, 0x0000000704800000, 0x0000000704800000|100%| E|CS|TAMS 0x0000000704600000| PB 0x0000000704600000| Complete 
|  30|0x0000000704800000, 0x0000000704a00000, 0x0000000704a00000|100%| E|  |TAMS 0x0000000704800000| PB 0x0000000704800000| Complete 
|  31|0x0000000704a00000, 0x0000000704c00000, 0x0000000704c00000|100%| E|CS|TAMS 0x0000000704a00000| PB 0x0000000704a00000| Complete 
|  32|0x0000000704c00000, 0x0000000704e00000, 0x0000000704e00000|100%| E|CS|TAMS 0x0000000704c00000| PB 0x0000000704c00000| Complete 
|  33|0x0000000704e00000, 0x0000000705000000, 0x0000000705000000|100%| E|CS|TAMS 0x0000000704e00000| PB 0x0000000704e00000| Complete 
|  34|0x0000000705000000, 0x0000000705200000, 0x0000000705200000|100%| E|CS|TAMS 0x0000000705000000| PB 0x0000000705000000| Complete 
|  35|0x0000000705200000, 0x0000000705400000, 0x0000000705400000|100%| E|CS|TAMS 0x0000000705200000| PB 0x0000000705200000| Complete 
|  36|0x0000000705400000, 0x0000000705600000, 0x0000000705600000|100%| E|CS|TAMS 0x0000000705400000| PB 0x0000000705400000| Complete 
|  37|0x0000000705600000, 0x0000000705800000, 0x0000000705800000|100%| E|CS|TAMS 0x0000000705600000| PB 0x0000000705600000| Complete 
|  38|0x0000000705800000, 0x0000000705a00000, 0x0000000705a00000|100%| E|CS|TAMS 0x0000000705800000| PB 0x0000000705800000| Complete 
|  39|0x0000000705a00000, 0x0000000705c00000, 0x0000000705c00000|100%| E|CS|TAMS 0x0000000705a00000| PB 0x0000000705a00000| Complete 
|  40|0x0000000705c00000, 0x0000000705e00000, 0x0000000705e00000|100%| E|CS|TAMS 0x0000000705c00000| PB 0x0000000705c00000| Complete 
|  41|0x0000000705e00000, 0x0000000706000000, 0x0000000706000000|100%| E|CS|TAMS 0x0000000705e00000| PB 0x0000000705e00000| Complete 
|  42|0x0000000706000000, 0x0000000706200000, 0x0000000706200000|100%| E|CS|TAMS 0x0000000706000000| PB 0x0000000706000000| Complete 
|  43|0x0000000706200000, 0x0000000706400000, 0x0000000706400000|100%| E|CS|TAMS 0x0000000706200000| PB 0x0000000706200000| Complete 
|  44|0x0000000706400000, 0x0000000706600000, 0x0000000706600000|100%| E|CS|TAMS 0x0000000706400000| PB 0x0000000706400000| Complete 
|  45|0x0000000706600000, 0x0000000706800000, 0x0000000706800000|100%| E|CS|TAMS 0x0000000706600000| PB 0x0000000706600000| Complete 
|  46|0x0000000706800000, 0x0000000706a00000, 0x0000000706a00000|100%| E|CS|TAMS 0x0000000706800000| PB 0x0000000706800000| Complete 
|  47|0x0000000706a00000, 0x0000000706c00000, 0x0000000706c00000|100%| E|CS|TAMS 0x0000000706a00000| PB 0x0000000706a00000| Complete 
|  48|0x0000000706c00000, 0x0000000706e00000, 0x0000000706e00000|100%| E|CS|TAMS 0x0000000706c00000| PB 0x0000000706c00000| Complete 
|  49|0x0000000706e00000, 0x0000000707000000, 0x0000000707000000|100%| E|CS|TAMS 0x0000000706e00000| PB 0x0000000706e00000| Complete 
|  50|0x0000000707000000, 0x0000000707200000, 0x0000000707200000|100%| E|CS|TAMS 0x0000000707000000| PB 0x0000000707000000| Complete 
|  51|0x0000000707200000, 0x0000000707400000, 0x0000000707400000|100%| E|CS|TAMS 0x0000000707200000| PB 0x0000000707200000| Complete 
|  52|0x0000000707400000, 0x0000000707600000, 0x0000000707600000|100%| E|CS|TAMS 0x0000000707400000| PB 0x0000000707400000| Complete 
|  53|0x0000000707600000, 0x0000000707800000, 0x0000000707800000|100%| E|CS|TAMS 0x0000000707600000| PB 0x0000000707600000| Complete 

Card table byte_map: [0x0000017bf8b00000,0x0000017bf9300000] _byte_map_base: 0x0000017bf52fa000

Marking Bits: (CMBitMap*) 0x0000017becbc2d50
 Bits: [0x0000017bf9300000, 0x0000017bfd2d0000)

Polling page: 0x0000017bec2e0000

Metaspace:

Usage:
  Non-class:     71.15 MB used.
      Class:     11.23 MB used.
       Both:     82.38 MB used.

Virtual space:
  Non-class space:      128.00 MB reserved,      71.62 MB ( 56%) committed,  2 nodes.
      Class space:        1.00 GB reserved,      11.62 MB (  1%) committed,  1 nodes.
             Both:        1.12 GB reserved,      83.25 MB (  7%) committed. 

Chunk freelists:
   Non-Class:  7.73 MB
       Class:  4.28 MB
        Both:  12.02 MB

MaxMetaspaceSize: unlimited
CompressedClassSpaceSize: 1.00 GB
Initial GC threshold: 21.00 MB
Current GC threshold: 138.69 MB
CDS: on
 - commit_granule_bytes: 65536.
 - commit_granule_words: 8192.
 - virtual_space_node_default_size: 8388608.
 - enlarge_chunks_in_place: 1.
 - use_allocation_guard: 0.


Internal statistics:

num_allocs_failed_limit: 6.
num_arena_births: 1428.
num_arena_deaths: 538.
num_vsnodes_births: 3.
num_vsnodes_deaths: 0.
num_space_committed: 1332.
num_space_uncommitted: 0.
num_chunks_returned_to_freelist: 637.
num_chunks_taken_from_freelist: 4879.
num_chunk_merges: 129.
num_chunk_splits: 3121.
num_chunks_enlarged: 2333.
num_inconsistent_stats: 0.

CodeCache: size=49152Kb used=19648Kb max_used=21338Kb free=29504Kb
 bounds [0x0000017bf51f0000, 0x0000017bf66d0000, 0x0000017bf81f0000]
 total_blobs=10218 nmethods=9468 adapters=673
 compilation: enabled
              stopped_count=0, restarted_count=0
 full_count=0

Compilation events (20 events):
Event: 989.339 Thread 0x0000017bc6ec2140 nmethod 12735 0x0000017bf66c2c10 code [0x0000017bf66c2da0, 0x0000017bf66c2e68]
Event: 989.339 Thread 0x0000017bc6ec2810 nmethod 12733 0x0000017bf66c2f10 code [0x0000017bf66c3100, 0x0000017bf66c3528]
Event: 989.340 Thread 0x0000017bc6ec2140 12737       1       org.hibernate.boot.cfgxml.internal.CfgXmlAccessServiceImpl::getAggregatedConfig (5 bytes)
Event: 989.340 Thread 0x0000017bc6ec2140 nmethod 12737 0x0000017bf66c3790 code [0x0000017bf66c3920, 0x0000017bf66c39f0]
Event: 989.344 Thread 0x0000017bc6ec2810 12738       1       java.util.Set::copyOf (40 bytes)
Event: 989.344 Thread 0x0000017bc6ec2810 nmethod 12738 0x0000017bf66c3e90 code [0x0000017bf66c40a0, 0x0000017bf66c44d8]
Event: 989.462 Thread 0x0000017bc6ec2810 12740       1       sun.security.rsa.RSAPSSSignature::getKeyLengthInBits (16 bytes)
Event: 989.463 Thread 0x0000017bc6ec2810 nmethod 12740 0x0000017bf66c4690 code [0x0000017bf66c4840, 0x0000017bf66c4980]
Event: 989.504 Thread 0x0000017bc103cbe0 12742   !   1       java.util.Hashtable::cloneHashtable (18 bytes)
Event: 989.504 Thread 0x0000017bc6ec2140 12741  s    1       java.util.Properties::clone (25 bytes)
Event: 989.504 Thread 0x0000017bc6ec2ee0 12743       1       java.util.concurrent.ConcurrentHashMap::<init> (16 bytes)
Event: 989.504 Thread 0x0000017bc6ec2ee0 nmethod 12743 0x0000017bf66c4a90 code [0x0000017bf66c4c40, 0x0000017bf66c4d48]
Event: 989.505 Thread 0x0000017bc103cbe0 nmethod 12742 0x0000017bf66c4e10 code [0x0000017bf66c4fe0, 0x0000017bf66c51d0]
Event: 989.505 Thread 0x0000017bc6ec2140 nmethod 12741 0x0000017bf66c5310 code [0x0000017bf66c5500, 0x0000017bf66c5950]
Event: 989.553 Thread 0x0000017bc6ec2ee0 12744       1       sun.net.www.ParseUtil::encodePath (6 bytes)
Event: 989.553 Thread 0x0000017bc6ec2ee0 nmethod 12744 0x0000017bf66c5b90 code [0x0000017bf66c5d40, 0x0000017bf66c5e10]
Event: 989.744 Thread 0x0000017bc6ec2ee0 12745       1       java.math.BigInteger::multiplyToLenCheck (28 bytes)
Event: 989.745 Thread 0x0000017bc6ec2ee0 nmethod 12745 0x0000017bf66c5e90 code [0x0000017bf66c6060, 0x0000017bf66c62b8]
Event: 989.795 Thread 0x0000017bc6ec2ee0 12746       1       com.mysql.cj.protocol.Security::xorString (37 bytes)
Event: 989.795 Thread 0x0000017bc6ec2ee0 nmethod 12746 0x0000017bf66c6410 code [0x0000017bf66c65c0, 0x0000017bf66c6710]

GC Heap History (20 events):
Event: 775.812 GC heap before
{Heap before GC invocations=40 (full 10):
 garbage-first heap   total 110592K, used 91913K [0x0000000700c00000, 0x0000000800000000)
  region size 2048K, 29 young (59392K), 0 survivors (0K)
 Metaspace       used 82627K, committed 83456K, reserved 1179648K
  class space    used 11352K, committed 11712K, reserved 1048576K
}
Event: 775.815 GC heap after
{Heap after GC invocations=41 (full 10):
 garbage-first heap   total 110592K, used 37288K [0x0000000700c00000, 0x0000000800000000)
  region size 2048K, 3 young (6144K), 3 survivors (6144K)
 Metaspace       used 82627K, committed 83456K, reserved 1179648K
  class space    used 11352K, committed 11712K, reserved 1048576K
}
Event: 790.731 GC heap before
{Heap before GC invocations=41 (full 10):
 garbage-first heap   total 110592K, used 70056K [0x0000000700c00000, 0x0000000800000000)
  region size 2048K, 20 young (40960K), 3 survivors (6144K)
 Metaspace       used 82853K, committed 83648K, reserved 1179648K
  class space    used 11370K, committed 11712K, reserved 1048576K
}
Event: 790.782 GC heap after
{Heap after GC invocations=42 (full 11):
 garbage-first heap   total 110592K, used 32474K [0x0000000700c00000, 0x0000000800000000)
  region size 2048K, 0 young (0K), 0 survivors (0K)
 Metaspace       used 82819K, committed 83648K, reserved 1179648K
  class space    used 11362K, committed 11712K, reserved 1048576K
}
Event: 791.442 GC heap before
{Heap before GC invocations=42 (full 11):
 garbage-first heap   total 110592K, used 91866K [0x0000000700c00000, 0x0000000800000000)
  region size 2048K, 30 young (61440K), 0 survivors (0K)
 Metaspace       used 83055K, committed 83840K, reserved 1179648K
  class space    used 11384K, committed 11712K, reserved 1048576K
}
Event: 791.446 GC heap after
{Heap after GC invocations=43 (full 11):
 garbage-first heap   total 110592K, used 37441K [0x0000000700c00000, 0x0000000800000000)
  region size 2048K, 3 young (6144K), 3 survivors (6144K)
 Metaspace       used 83055K, committed 83840K, reserved 1179648K
  class space    used 11384K, committed 11712K, reserved 1048576K
}
Event: 825.929 GC heap before
{Heap before GC invocations=43 (full 11):
 garbage-first heap   total 110592K, used 64065K [0x0000000700c00000, 0x0000000800000000)
  region size 2048K, 18 young (36864K), 3 survivors (6144K)
 Metaspace       used 83281K, committed 84096K, reserved 1179648K
  class space    used 11405K, committed 11776K, reserved 1048576K
}
Event: 825.987 GC heap after
{Heap after GC invocations=44 (full 12):
 garbage-first heap   total 110592K, used 32760K [0x0000000700c00000, 0x0000000800000000)
  region size 2048K, 0 young (0K), 0 survivors (0K)
 Metaspace       used 83275K, committed 84096K, reserved 1179648K
  class space    used 11404K, committed 11776K, reserved 1048576K
}
Event: 826.580 GC heap before
{Heap before GC invocations=44 (full 12):
 garbage-first heap   total 110592K, used 92152K [0x0000000700c00000, 0x0000000800000000)
  region size 2048K, 30 young (61440K), 0 survivors (0K)
 Metaspace       used 83522K, committed 84352K, reserved 1179648K
  class space    used 11427K, committed 11776K, reserved 1048576K
}
Event: 826.583 GC heap after
{Heap after GC invocations=45 (full 12):
 garbage-first heap   total 110592K, used 37525K [0x0000000700c00000, 0x0000000800000000)
  region size 2048K, 3 young (6144K), 3 survivors (6144K)
 Metaspace       used 83522K, committed 84352K, reserved 1179648K
  class space    used 11427K, committed 11776K, reserved 1048576K
}
Event: 967.968 GC heap before
{Heap before GC invocations=45 (full 12):
 garbage-first heap   total 110592K, used 70293K [0x0000000700c00000, 0x0000000800000000)
  region size 2048K, 21 young (43008K), 3 survivors (6144K)
 Metaspace       used 83756K, committed 84608K, reserved 1179648K
  class space    used 11448K, committed 11840K, reserved 1048576K
}
Event: 968.020 GC heap after
{Heap after GC invocations=46 (full 13):
 garbage-first heap   total 110592K, used 32927K [0x0000000700c00000, 0x0000000800000000)
  region size 2048K, 0 young (0K), 0 survivors (0K)
 Metaspace       used 83750K, committed 84608K, reserved 1179648K
  class space    used 11447K, committed 11840K, reserved 1048576K
}
Event: 968.612 GC heap before
{Heap before GC invocations=46 (full 13):
 garbage-first heap   total 110592K, used 92319K [0x0000000700c00000, 0x0000000800000000)
  region size 2048K, 30 young (61440K), 0 survivors (0K)
 Metaspace       used 83981K, committed 84864K, reserved 1179648K
  class space    used 11466K, committed 11840K, reserved 1048576K
}
Event: 968.615 GC heap after
{Heap after GC invocations=47 (full 13):
 garbage-first heap   total 110592K, used 37695K [0x0000000700c00000, 0x0000000800000000)
  region size 2048K, 3 young (6144K), 3 survivors (6144K)
 Metaspace       used 83981K, committed 84864K, reserved 1179648K
  class space    used 11466K, committed 11840K, reserved 1048576K
}
Event: 973.275 GC heap before
{Heap before GC invocations=47 (full 13):
 garbage-first heap   total 110592K, used 58175K [0x0000000700c00000, 0x0000000800000000)
  region size 2048K, 14 young (28672K), 3 survivors (6144K)
 Metaspace       used 84037K, committed 84864K, reserved 1179648K
  class space    used 11469K, committed 11840K, reserved 1048576K
}
Event: 973.324 GC heap after
{Heap after GC invocations=48 (full 14):
 garbage-first heap   total 110592K, used 29977K [0x0000000700c00000, 0x0000000800000000)
  region size 2048K, 0 young (0K), 0 survivors (0K)
 Metaspace       used 84018K, committed 84864K, reserved 1179648K
  class space    used 11466K, committed 11840K, reserved 1048576K
}
Event: 973.879 GC heap before
{Heap before GC invocations=48 (full 14):
 garbage-first heap   total 110592K, used 89369K [0x0000000700c00000, 0x0000000800000000)
  region size 2048K, 30 young (61440K), 0 survivors (0K)
 Metaspace       used 84250K, committed 85120K, reserved 1179648K
  class space    used 11486K, committed 11904K, reserved 1048576K
}
Event: 973.882 GC heap after
{Heap after GC invocations=49 (full 14):
 garbage-first heap   total 110592K, used 34850K [0x0000000700c00000, 0x0000000800000000)
  region size 2048K, 3 young (6144K), 3 survivors (6144K)
 Metaspace       used 84250K, committed 85120K, reserved 1179648K
  class space    used 11486K, committed 11904K, reserved 1048576K
}
Event: 988.814 GC heap before
{Heap before GC invocations=49 (full 14):
 garbage-first heap   total 110592K, used 55330K [0x0000000700c00000, 0x0000000800000000)
  region size 2048K, 14 young (28672K), 3 survivors (6144K)
 Metaspace       used 84275K, committed 85184K, reserved 1179648K
  class space    used 11490K, committed 11904K, reserved 1048576K
}
Event: 988.874 GC heap after
{Heap after GC invocations=50 (full 15):
 garbage-first heap   total 110592K, used 30208K [0x0000000700c00000, 0x0000000800000000)
  region size 2048K, 0 young (0K), 0 survivors (0K)
 Metaspace       used 84269K, committed 85184K, reserved 1179648K
  class space    used 11489K, committed 11904K, reserved 1048576K
}

Dll operation events (12 events):
Event: 0.112 Loaded shared library C:\pleiades\2024-03\java\21\bin\java.dll
Event: 0.384 Loaded shared library C:\pleiades\2024-03\java\21\bin\zip.dll
Event: 0.390 Loaded shared library C:\pleiades\2024-03\java\21\bin\instrument.dll
Event: 0.405 Loaded shared library C:\pleiades\2024-03\java\21\bin\net.dll
Event: 0.416 Loaded shared library C:\pleiades\2024-03\java\21\bin\nio.dll
Event: 0.427 Loaded shared library C:\pleiades\2024-03\java\21\bin\zip.dll
Event: 3.394 Loaded shared library C:\pleiades\2024-03\java\21\bin\jimage.dll
Event: 3.439 Loaded shared library C:\pleiades\2024-03\java\21\bin\management.dll
Event: 3.455 Loaded shared library C:\pleiades\2024-03\java\21\bin\management_ext.dll
Event: 3.627 Loaded shared library C:\pleiades\2024-03\java\21\bin\verify.dll
Event: 3.708 Loaded shared library C:\pleiades\2024-03\java\21\bin\extnet.dll
Event: 4.818 Loaded shared library C:\pleiades\2024-03\java\21\bin\sunmscapi.dll

Deoptimization events (20 events):
Event: 989.346 Thread 0x0000017bc919a090 DEOPT PACKING pc=0x0000017bf59e1b6c sp=0x0000007a5c5f9680
Event: 989.346 Thread 0x0000017bc919a090 DEOPT UNPACKING pc=0x0000017bf5244e42 sp=0x0000007a5c5f8bb8 mode 1
Event: 989.346 Thread 0x0000017bc919a090 DEOPT PACKING pc=0x0000017bf59e31f4 sp=0x0000007a5c5f9770
Event: 989.346 Thread 0x0000017bc919a090 DEOPT UNPACKING pc=0x0000017bf5244e42 sp=0x0000007a5c5f8d20 mode 1
Event: 989.346 Thread 0x0000017bc919a090 DEOPT PACKING pc=0x0000017bf59dfeac sp=0x0000007a5c5f98e0
Event: 989.346 Thread 0x0000017bc919a090 DEOPT UNPACKING pc=0x0000017bf5244e42 sp=0x0000007a5c5f8ea0 mode 1
Event: 989.347 Thread 0x0000017bc919a090 DEOPT PACKING pc=0x0000017bf59e1b6c sp=0x0000007a5c5fc890
Event: 989.347 Thread 0x0000017bc919a090 DEOPT UNPACKING pc=0x0000017bf5244e42 sp=0x0000007a5c5fbdc8 mode 1
Event: 989.347 Thread 0x0000017bc919a090 DEOPT PACKING pc=0x0000017bf59e31f4 sp=0x0000007a5c5fc980
Event: 989.347 Thread 0x0000017bc919a090 DEOPT UNPACKING pc=0x0000017bf5244e42 sp=0x0000007a5c5fbf30 mode 1
Event: 989.347 Thread 0x0000017bc919a090 DEOPT PACKING pc=0x0000017bf59dfeac sp=0x0000007a5c5fcaf0
Event: 989.347 Thread 0x0000017bc919a090 DEOPT UNPACKING pc=0x0000017bf5244e42 sp=0x0000007a5c5fc0b0 mode 1
Event: 989.348 Thread 0x0000017bc919a090 DEOPT PACKING pc=0x0000017bf59e1b6c sp=0x0000007a5c5fca90
Event: 989.348 Thread 0x0000017bc919a090 DEOPT UNPACKING pc=0x0000017bf5244e42 sp=0x0000007a5c5fbfc8 mode 1
Event: 989.348 Thread 0x0000017bc919a090 DEOPT PACKING pc=0x0000017bf59e31f4 sp=0x0000007a5c5fcb80
Event: 989.348 Thread 0x0000017bc919a090 DEOPT UNPACKING pc=0x0000017bf5244e42 sp=0x0000007a5c5fc130 mode 1
Event: 989.348 Thread 0x0000017bc919a090 DEOPT PACKING pc=0x0000017bf59dfeac sp=0x0000007a5c5fccf0
Event: 989.348 Thread 0x0000017bc919a090 DEOPT UNPACKING pc=0x0000017bf5244e42 sp=0x0000007a5c5fc2b0 mode 1
Event: 1019.769 Thread 0x0000017bc919a090 DEOPT PACKING pc=0x0000017bf559fa34 sp=0x0000007a5c5fd9e0
Event: 1019.769 Thread 0x0000017bc919a090 DEOPT UNPACKING pc=0x0000017bf5244e42 sp=0x0000007a5c5fce98 mode 0

Classes loaded (20 events):
Event: 180.807 Loading class java/io/InvalidClassException
Event: 180.807 Loading class java/io/InvalidClassException done
Event: 185.822 Loading class java/util/ArrayList$SubList$2
Event: 185.822 Loading class java/util/ArrayList$SubList$2 done
Event: 195.019 Loading class sun/util/locale/LocaleExtensions
Event: 195.020 Loading class sun/util/locale/LocaleExtensions done
Event: 195.021 Loading class java/util/Locale$FilteringMode
Event: 195.021 Loading class java/util/Locale$FilteringMode done
Event: 195.022 Loading class java/util/Locale$IsoCountryCode
Event: 195.022 Loading class java/util/Locale$IsoCountryCode done
Event: 195.023 Loading class java/io/ObjectOutputStream$PutFieldImpl
Event: 195.023 Loading class java/io/ObjectOutputStream$PutField
Event: 195.023 Loading class java/io/ObjectOutputStream$PutField done
Event: 195.023 Loading class java/io/ObjectOutputStream$PutFieldImpl done
Event: 622.394 Loading class java/util/stream/LongStream
Event: 622.394 Loading class java/util/stream/LongStream done
Event: 622.394 Loading class java/util/stream/DoubleStream
Event: 622.395 Loading class java/util/stream/DoubleStream done
Event: 657.063 Loading class java/io/StreamCorruptedException
Event: 657.063 Loading class java/io/StreamCorruptedException done

Classes unloaded (20 events):
Event: 790.746 Thread 0x0000017bc100cf90 Unloading class 0x0000017b81005400 'java/lang/invoke/LambdaForm$MH+0x0000017b81005400'
Event: 790.746 Thread 0x0000017bc100cf90 Unloading class 0x0000017b81005c00 'java/lang/invoke/LambdaForm$MH+0x0000017b81005c00'
Event: 790.746 Thread 0x0000017bc100cf90 Unloading class 0x0000017b81006400 'java/lang/invoke/LambdaForm$MH+0x0000017b81006400'
Event: 790.746 Thread 0x0000017bc100cf90 Unloading class 0x0000017b8100a400 'jdk/internal/reflect/GeneratedSerializationConstructorAccessor56'
Event: 790.746 Thread 0x0000017bc100cf90 Unloading class 0x0000017b8159dc00 'java/lang/invoke/LambdaForm$MH+0x0000017b8159dc00'
Event: 790.746 Thread 0x0000017bc100cf90 Unloading class 0x0000017b818d0000 'java/lang/invoke/LambdaForm$MH+0x0000017b818d0000'
Event: 790.746 Thread 0x0000017bc100cf90 Unloading class 0x0000017b81934800 'java/lang/invoke/LambdaForm$MH+0x0000017b81934800'
Event: 790.746 Thread 0x0000017bc100cf90 Unloading class 0x0000017b81a4e000 'java/lang/invoke/LambdaForm$MH+0x0000017b81a4e000'
Event: 825.952 Thread 0x0000017bc100cf90 Unloading class 0x0000017b818d0000 'jdk/internal/reflect/GeneratedSerializationConstructorAccessor63'
Event: 825.952 Thread 0x0000017bc100cf90 Unloading class 0x0000017b81b83800 'org/apache/catalina/loader/JdbcLeakPrevention'
Event: 967.982 Thread 0x0000017bc100cf90 Unloading class 0x0000017b81b9a400 'jdk/internal/reflect/GeneratedSerializationConstructorAccessor65'
Event: 967.982 Thread 0x0000017bc100cf90 Unloading class 0x0000017b81934800 'org/apache/catalina/loader/JdbcLeakPrevention'
Event: 973.289 Thread 0x0000017bc100cf90 Unloading class 0x0000017b81bac000 'jdk/internal/reflect/GeneratedSerializationConstructorAccessor67'
Event: 973.289 Thread 0x0000017bc100cf90 Unloading class 0x0000017b81b98000 'jdk/internal/reflect/GeneratedSerializationConstructorAccessor64'
Event: 973.289 Thread 0x0000017bc100cf90 Unloading class 0x0000017b81ba4000 'org/apache/catalina/loader/JdbcLeakPrevention'
Event: 973.289 Thread 0x0000017bc100cf90 Unloading class 0x0000017b81006400 'jdk/internal/reflect/GeneratedSerializationConstructorAccessor62'
Event: 973.289 Thread 0x0000017bc100cf90 Unloading class 0x0000017b81b80800 'jdk/internal/reflect/GeneratedSerializationConstructorAccessor60'
Event: 973.289 Thread 0x0000017bc100cf90 Unloading class 0x0000017b81100800 'jdk/internal/reflect/GeneratedSerializationConstructorAccessor54'
Event: 988.836 Thread 0x0000017bc100cf90 Unloading class 0x0000017b81bb0000 'jdk/internal/reflect/GeneratedSerializationConstructorAccessor68'
Event: 988.836 Thread 0x0000017bc100cf90 Unloading class 0x0000017b81bac800 'org/apache/catalina/loader/JdbcLeakPrevention'

Classes redefined (20 events):
Event: 987.948 Thread 0x0000017bc100cf90 redefined class name=app.login.controller.LoginController, count=1
Event: 987.948 Thread 0x0000017bc100cf90 redefined class name=app.login.controller.LoginController, count=1
Event: 987.948 Thread 0x0000017bc100cf90 redefined class name=app.login.controller.LoginController, count=5
Event: 987.948 Thread 0x0000017bc100cf90 redefined class name=app.login.controller.LoginController, count=7
Event: 1019.793 Thread 0x0000017bc100cf90 redefined class name=app.login.controller.LoginController, count=9
Event: 1019.793 Thread 0x0000017bc100cf90 redefined class name=app.login.controller.LoginController, count=5
Event: 1019.793 Thread 0x0000017bc100cf90 redefined class name=app.login.controller.LoginController, count=9
Event: 1019.793 Thread 0x0000017bc100cf90 redefined class name=app.login.controller.LoginController, count=4
Event: 1019.793 Thread 0x0000017bc100cf90 redefined class name=app.login.controller.LoginController, count=3
Event: 1019.793 Thread 0x0000017bc100cf90 redefined class name=app.login.controller.LoginController, count=9
Event: 1019.793 Thread 0x0000017bc100cf90 redefined class name=app.login.controller.LoginController, count=7
Event: 1019.793 Thread 0x0000017bc100cf90 redefined class name=app.login.controller.LoginController, count=9
Event: 1019.793 Thread 0x0000017bc100cf90 redefined class name=app.login.controller.LoginController, count=9
Event: 1019.793 Thread 0x0000017bc100cf90 redefined class name=app.login.controller.LoginController, count=1
Event: 1019.793 Thread 0x0000017bc100cf90 redefined class name=app.login.controller.LoginController, count=9
Event: 1019.793 Thread 0x0000017bc100cf90 redefined class name=app.login.controller.LoginController, count=9
Event: 1019.793 Thread 0x0000017bc100cf90 redefined class name=app.login.controller.LoginController, count=2
Event: 1019.793 Thread 0x0000017bc100cf90 redefined class name=app.login.controller.LoginController, count=2
Event: 1019.793 Thread 0x0000017bc100cf90 redefined class name=app.login.controller.LoginController, count=6
Event: 1019.793 Thread 0x0000017bc100cf90 redefined class name=app.login.controller.LoginController, count=8

Internal exceptions (20 events):
Event: 973.630 Thread 0x0000017bc9197930 Exception <a 'java/lang/NoClassDefFoundError'{0x0000000705b39830}: org/jooq/DSLContext> (0x0000000705b39830) 
thrown [s\src\hotspot\share\oops\constantPool.cpp, line 871]
Event: 973.631 Thread 0x0000017bc9197930 Exception <a 'java/lang/NoClassDefFoundError'{0x0000000705b461c8}: org/springframework/batch/core/repository/JobRepository> (0x0000000705b461c8) 
thrown [s\src\hotspot\share\oops\constantPool.cpp, line 871]
Event: 973.632 Thread 0x0000017bc9197930 Exception <a 'java/lang/NoClassDefFoundError'{0x0000000705b46820}: org/quartz/Scheduler> (0x0000000705b46820) 
thrown [s\src\hotspot\share\oops\constantPool.cpp, line 871]
Event: 973.632 Thread 0x0000017bc9197930 Exception <a 'java/lang/NoClassDefFoundError'{0x0000000705b46ea0}: org/springframework/session/jdbc/JdbcIndexedSessionRepository> (0x0000000705b46ea0) 
thrown [s\src\hotspot\share\oops\constantPool.cpp, line 871]
Event: 973.681 Thread 0x0000017bc9197930 Exception <a 'java/io/FileNotFoundException'{0x00000007053133e8}> (0x00000007053133e8) 
thrown [s\src\hotspot\share\prims\jni.cpp, line 520]
Event: 988.801 Thread 0x0000017bc9197930 Exception <a 'java/io/IOException'{0x00000007065cee30}> (0x00000007065cee30) 
thrown [s\src\hotspot\share\prims\jni.cpp, line 520]
Event: 988.802 Thread 0x0000017bc9197930 Exception <a 'java/io/IOException'{0x00000007065cfd60}> (0x00000007065cfd60) 
thrown [s\src\hotspot\share\prims\jni.cpp, line 520]
Event: 988.802 Thread 0x0000017bc9197930 Exception <a 'java/io/IOException'{0x00000007065d1d10}> (0x00000007065d1d10) 
thrown [s\src\hotspot\share\prims\jni.cpp, line 520]
Event: 988.803 Thread 0x0000017bc9197930 Exception <a 'java/io/IOException'{0x00000007065d2930}> (0x00000007065d2930) 
thrown [s\src\hotspot\share\prims\jni.cpp, line 520]
Event: 988.804 Thread 0x0000017bc9197930 Exception <a 'java/io/IOException'{0x00000007065d7d38}> (0x00000007065d7d38) 
thrown [s\src\hotspot\share\prims\jni.cpp, line 520]
Event: 988.805 Thread 0x0000017bc9197930 Exception <a 'java/io/IOException'{0x00000007065d8958}> (0x00000007065d8958) 
thrown [s\src\hotspot\share\prims\jni.cpp, line 520]
Event: 988.813 Thread 0x0000017bc643b550 Exception <a 'java/lang/InterruptedException'{0x0000000706234680}: sleep interrupted> (0x0000000706234680) 
thrown [s\src\hotspot\share\prims\jvm.cpp, line 3074]
Event: 988.886 Thread 0x0000017bc919a090 Exception <a 'sun/nio/fs/WindowsException'{0x00000007076917e8}> (0x00000007076917e8) 
thrown [s\src\hotspot\share\prims\jni.cpp, line 520]
Event: 989.166 Thread 0x0000017bc919a090 Exception <a 'java/lang/NoClassDefFoundError'{0x0000000705acb9c8}: org/flywaydb/core/Flyway> (0x0000000705acb9c8) 
thrown [s\src\hotspot\share\oops\constantPool.cpp, line 871]
Event: 989.167 Thread 0x0000017bc919a090 Exception <a 'java/lang/NoClassDefFoundError'{0x0000000705acc028}: liquibase/integration/spring/SpringLiquibase> (0x0000000705acc028) 
thrown [s\src\hotspot\share\oops\constantPool.cpp, line 871]
Event: 989.173 Thread 0x0000017bc919a090 Exception <a 'java/lang/NoClassDefFoundError'{0x0000000705b38ba0}: org/jooq/DSLContext> (0x0000000705b38ba0) 
thrown [s\src\hotspot\share\oops\constantPool.cpp, line 871]
Event: 989.175 Thread 0x0000017bc919a090 Exception <a 'java/lang/NoClassDefFoundError'{0x0000000705b45570}: org/springframework/batch/core/repository/JobRepository> (0x0000000705b45570) 
thrown [s\src\hotspot\share\oops\constantPool.cpp, line 871]
Event: 989.176 Thread 0x0000017bc919a090 Exception <a 'java/lang/NoClassDefFoundError'{0x0000000705b45bc8}: org/quartz/Scheduler> (0x0000000705b45bc8) 
thrown [s\src\hotspot\share\oops\constantPool.cpp, line 871]
Event: 989.177 Thread 0x0000017bc919a090 Exception <a 'java/lang/NoClassDefFoundError'{0x0000000705b46248}: org/springframework/session/jdbc/JdbcIndexedSessionRepository> (0x0000000705b46248) 
thrown [s\src\hotspot\share\oops\constantPool.cpp, line 871]
Event: 989.227 Thread 0x0000017bc919a090 Exception <a 'java/io/FileNotFoundException'{0x00000007052e2488}> (0x00000007052e2488) 
thrown [s\src\hotspot\share\prims\jni.cpp, line 520]

ZGC Phase Switch (0 events):
No events

VM Operations (20 events):
Event: 990.051 Executing VM operation: GetObjectMonitorUsage
Event: 990.051 Executing VM operation: GetObjectMonitorUsage done
Event: 990.051 Executing VM operation: GetObjectMonitorUsage
Event: 990.051 Executing VM operation: GetObjectMonitorUsage done
Event: 990.052 Executing VM operation: get/set locals
Event: 990.052 Executing VM operation: get/set locals done
Event: 990.052 Executing VM operation: get/set locals
Event: 990.052 Executing VM operation: get/set locals done
Event: 990.053 Executing VM operation: get/set locals
Event: 990.053 Executing VM operation: get/set locals done
Event: 995.109 Executing VM operation: Cleanup
Event: 995.109 Executing VM operation: Cleanup done
Event: 1019.769 Executing VM operation: ChangeSingleStep
Event: 1019.769 Executing VM operation: ChangeSingleStep done
Event: 1019.769 Executing VM operation: ChangeSingleStep
Event: 1019.769 Executing VM operation: ChangeSingleStep done
Event: 1019.785 Executing VM operation: RedefineClasses
Event: 1019.809 Executing VM operation: RedefineClasses done
Event: 1019.810 Executing VM operation: ChangeSingleStep
Event: 1019.810 Executing VM operation: ChangeSingleStep done

Events (20 events):
Event: 989.250 Thread 0x0000017bc9198ce0 Thread added: 0x0000017bc9198ce0
Event: 989.251 Thread 0x0000017bc9199370 Thread added: 0x0000017bc9199370
Event: 989.251 Thread 0x0000017bc6439480 Thread added: 0x0000017bc6439480
Event: 989.252 Thread 0x0000017bc64380d0 Thread added: 0x0000017bc64380d0
Event: 989.252 Thread 0x0000017bc6436d20 Thread added: 0x0000017bc6436d20
Event: 989.253 Thread 0x0000017bc643a1a0 Thread added: 0x0000017bc643a1a0
Event: 989.253 Thread 0x0000017bc6439b10 Thread added: 0x0000017bc6439b10
Event: 989.254 Thread 0x0000017bc6438760 Thread added: 0x0000017bc6438760
Event: 989.254 Thread 0x0000017bc64352e0 Thread added: 0x0000017bc64352e0
Event: 989.254 Thread 0x0000017bc643aec0 Thread added: 0x0000017bc643aec0
Event: 989.255 Thread 0x0000017bc643c900 Thread added: 0x0000017bc643c900
Event: 989.294 Thread 0x0000017bc64373b0 Thread added: 0x0000017bc64373b0
Event: 989.317 Thread 0x0000017bc6ec2140 Thread added: 0x0000017bc6ec2140
Event: 989.318 Thread 0x0000017bc6ec2810 Thread added: 0x0000017bc6ec2810
Event: 989.318 Thread 0x0000017bc6ec2ee0 Thread added: 0x0000017bc6ec2ee0
Event: 989.409 Thread 0x0000017bc643a830 Thread added: 0x0000017bc643a830
Event: 994.798 Thread 0x0000017bc6ec2ee0 Thread exited: 0x0000017bc6ec2ee0
Event: 994.798 Thread 0x0000017bc6ec2810 Thread exited: 0x0000017bc6ec2810
Event: 994.845 Thread 0x0000017bc643a830 Thread exited: 0x0000017bc643a830
Event: 999.809 Thread 0x0000017bc6ec2140 Thread exited: 0x0000017bc6ec2140


Dynamic libraries:
0x00007ff659330000 - 0x00007ff65933e000 	C:\pleiades\2024-03\java\21\bin\javaw.exe
0x00007ffa5e4d0000 - 0x00007ffa5e6c8000 	C:\WINDOWS\SYSTEM32\ntdll.dll
0x00007ffa5e2f0000 - 0x00007ffa5e3ad000 	C:\WINDOWS\System32\KERNEL32.DLL
0x00007ffa5bf80000 - 0x00007ffa5c276000 	C:\WINDOWS\System32\KERNELBASE.dll
0x00007ffa5c370000 - 0x00007ffa5c470000 	C:\WINDOWS\System32\ucrtbase.dll
0x00007ffa534f0000 - 0x00007ffa5350b000 	C:\pleiades\2024-03\java\21\bin\VCRUNTIME140.dll
0x00007ffa54b50000 - 0x00007ffa54b68000 	C:\pleiades\2024-03\java\21\bin\jli.dll
0x00007ffa5dc20000 - 0x00007ffa5ddbf000 	C:\WINDOWS\System32\USER32.dll
0x00007ffa5bd80000 - 0x00007ffa5bda2000 	C:\WINDOWS\System32\win32u.dll
0x00007ffa5c5a0000 - 0x00007ffa5c5cb000 	C:\WINDOWS\System32\GDI32.dll
0x00007ffa46530000 - 0x00007ffa467ca000 	C:\WINDOWS\WinSxS\amd64_microsoft.windows.common-controls_6595b64144ccf1df_6.0.19041.4355_none_60b8b9eb71f62e16\COMCTL32.dll
0x00007ffa5be60000 - 0x00007ffa5bf77000 	C:\WINDOWS\System32\gdi32full.dll
0x00007ffa5cfb0000 - 0x00007ffa5d04e000 	C:\WINDOWS\System32\msvcrt.dll
0x00007ffa5c2d0000 - 0x00007ffa5c36d000 	C:\WINDOWS\System32\msvcp_win.dll
0x00007ffa5df00000 - 0x00007ffa5df2f000 	C:\WINDOWS\System32\IMM32.DLL
0x00007ffa51420000 - 0x00007ffa51624000 	C:\WINDOWS\system32\tmumh\20019\AddOn\8.55.0.1275\TmUmEvt64.dll
0x00007ffa5cef0000 - 0x00007ffa5cef8000 	C:\WINDOWS\System32\PSAPI.DLL
0x00007ffa5cf00000 - 0x00007ffa5cfb0000 	C:\WINDOWS\System32\ADVAPI32.dll
0x00007ffa5df30000 - 0x00007ffa5dfd0000 	C:\WINDOWS\System32\sechost.dll
0x00007ffa5e160000 - 0x00007ffa5e283000 	C:\WINDOWS\System32\RPCRT4.dll
0x00007ffa5c4e0000 - 0x00007ffa5c507000 	C:\WINDOWS\System32\bcrypt.dll
0x000000005f440000 - 0x000000005f5bb000 	C:\WINDOWS\system32\tmumh\20019\TmMon\2.9.0.1131\tmmon64.dll
0x00007ffa55320000 - 0x00007ffa5532c000 	C:\pleiades\2024-03\java\21\bin\vcruntime140_1.dll
0x00007ffa48980000 - 0x00007ffa48a0e000 	C:\pleiades\2024-03\java\21\bin\msvcp140.dll
0x00007ff9eed30000 - 0x00007ff9efab3000 	C:\pleiades\2024-03\java\21\bin\server\jvm.dll
0x00007ffa5c650000 - 0x00007ffa5c6bb000 	C:\WINDOWS\System32\WS2_32.dll
0x00007ffa5b080000 - 0x00007ffa5b0cb000 	C:\WINDOWS\SYSTEM32\POWRPROF.dll
0x00007ffa49210000 - 0x00007ffa49237000 	C:\WINDOWS\SYSTEM32\WINMM.dll
0x00007ffa57020000 - 0x00007ffa5702a000 	C:\WINDOWS\SYSTEM32\VERSION.dll
0x00007ffa5af40000 - 0x00007ffa5af52000 	C:\WINDOWS\SYSTEM32\UMPDC.dll
0x00007ffa599f0000 - 0x00007ffa59a02000 	C:\WINDOWS\SYSTEM32\kernel.appcore.dll
0x00007ffa58da0000 - 0x00007ffa58daa000 	C:\pleiades\2024-03\java\21\bin\jimage.dll
0x00007ffa477b0000 - 0x00007ffa47994000 	C:\WINDOWS\SYSTEM32\DBGHELP.DLL
0x00007ffa45360000 - 0x00007ffa45394000 	C:\WINDOWS\SYSTEM32\dbgcore.DLL
0x00007ffa5bcf0000 - 0x00007ffa5bd72000 	C:\WINDOWS\System32\bcryptPrimitives.dll
0x00007ffa58c10000 - 0x00007ffa58c4c000 	C:\pleiades\2024-03\java\21\bin\jdwp.dll
0x00007ffa58c50000 - 0x00007ffa58c5f000 	C:\pleiades\2024-03\java\21\bin\instrument.dll
0x00007ffa54b70000 - 0x00007ffa54b8f000 	C:\pleiades\2024-03\java\21\bin\java.dll
0x00007ffa5d050000 - 0x00007ffa5d7bc000 	C:\WINDOWS\System32\SHELL32.dll
0x00007ffa59bf0000 - 0x00007ffa5a38d000 	C:\WINDOWS\SYSTEM32\windows.storage.dll
0x00007ffa5c720000 - 0x00007ffa5ca73000 	C:\WINDOWS\System32\combase.dll
0x00007ffa5b590000 - 0x00007ffa5b5be000 	C:\WINDOWS\SYSTEM32\Wldp.dll
0x00007ffa5d9a0000 - 0x00007ffa5da6d000 	C:\WINDOWS\System32\OLEAUT32.dll
0x00007ffa5e0b0000 - 0x00007ffa5e15d000 	C:\WINDOWS\System32\SHCORE.dll
0x00007ffa5dfd0000 - 0x00007ffa5e025000 	C:\WINDOWS\System32\shlwapi.dll
0x00007ffa5bac0000 - 0x00007ffa5bae4000 	C:\WINDOWS\SYSTEM32\profapi.dll
0x00007ffa58d90000 - 0x00007ffa58d9c000 	C:\pleiades\2024-03\java\21\bin\dt_socket.dll
0x00007ffa5af60000 - 0x00007ffa5af9b000 	C:\WINDOWS\SYSTEM32\IPHLPAPI.DLL
0x00007ffa5b2b0000 - 0x00007ffa5b31a000 	C:\WINDOWS\system32\mswsock.dll
0x00007ffa5afb0000 - 0x00007ffa5b07a000 	C:\WINDOWS\SYSTEM32\DNSAPI.dll
0x00007ffa5def0000 - 0x00007ffa5def8000 	C:\WINDOWS\System32\NSI.dll
0x00007ffa45890000 - 0x00007ffa4589a000 	C:\Windows\System32\rasadhlp.dll
0x00007ffa54160000 - 0x00007ffa541e0000 	C:\WINDOWS\System32\fwpuclnt.dll
0x00007ffa538d0000 - 0x00007ffa538e8000 	C:\pleiades\2024-03\java\21\bin\zip.dll
0x00007ffa58140000 - 0x00007ffa58150000 	C:\pleiades\2024-03\java\21\bin\net.dll
0x00007ffa55d20000 - 0x00007ffa55e2a000 	C:\WINDOWS\SYSTEM32\WINHTTP.dll
0x00007ffa538b0000 - 0x00007ffa538c6000 	C:\pleiades\2024-03\java\21\bin\nio.dll
0x00007ffa551f0000 - 0x00007ffa551fa000 	C:\pleiades\2024-03\java\21\bin\management.dll
0x00007ffa53c80000 - 0x00007ffa53c8b000 	C:\pleiades\2024-03\java\21\bin\management_ext.dll
0x00007ffa33ae0000 - 0x00007ffa33af7000 	C:\WINDOWS\system32\napinsp.dll
0x00007ffa33ac0000 - 0x00007ffa33adb000 	C:\WINDOWS\system32\pnrpnsp.dll
0x00007ffa33aa0000 - 0x00007ffa33ab5000 	C:\WINDOWS\system32\wshbth.dll
0x00007ffa58dc0000 - 0x00007ffa58ddd000 	C:\WINDOWS\system32\NLAapi.dll
0x00007ffa33a80000 - 0x00007ffa33a92000 	C:\WINDOWS\System32\winrnr.dll
0x00007ffa53940000 - 0x00007ffa53950000 	C:\pleiades\2024-03\java\21\bin\verify.dll
0x00007ffa5b460000 - 0x00007ffa5b478000 	C:\WINDOWS\SYSTEM32\CRYPTSP.dll
0x00007ffa5ab80000 - 0x00007ffa5abb4000 	C:\WINDOWS\system32\rsaenh.dll
0x00007ffa5ba70000 - 0x00007ffa5ba9e000 	C:\WINDOWS\SYSTEM32\USERENV.dll
0x00007ffa5b450000 - 0x00007ffa5b45c000 	C:\WINDOWS\SYSTEM32\CRYPTBASE.dll
0x00007ffa53440000 - 0x00007ffa53449000 	C:\pleiades\2024-03\java\21\bin\extnet.dll
0x00007ffa556f0000 - 0x00007ffa556fe000 	C:\pleiades\2024-03\java\21\bin\sunmscapi.dll
0x00007ffa5bb90000 - 0x00007ffa5bcee000 	C:\WINDOWS\System32\CRYPT32.dll
0x00007ffa5b620000 - 0x00007ffa5b649000 	C:\WINDOWS\SYSTEM32\ncrypt.dll
0x00007ffa5b5e0000 - 0x00007ffa5b61b000 	C:\WINDOWS\SYSTEM32\NTASN1.dll
0x00007ffa416f0000 - 0x00007ffa416f7000 	C:\WINDOWS\system32\wshunix.dll

dbghelp: loaded successfully - version: 4.0.5 - missing functions: none
symbol engine: initialized successfully - sym options: 0x614 - pdb path: .;C:\pleiades\2024-03\java\21\bin;C:\WINDOWS\SYSTEM32;C:\WINDOWS\WinSxS\amd64_microsoft.windows.common-controls_6595b64144ccf1df_6.0.19041.4355_none_60b8b9eb71f62e16;C:\WINDOWS\system32\tmumh\20019\AddOn\8.55.0.1275;C:\WINDOWS\system32\tmumh\20019\TmMon\2.9.0.1131;C:\pleiades\2024-03\java\21\bin\server

VM Arguments:
jvm_args: -XX:+ShowCodeDetailsInExceptionMessages -agentlib:jdwp=transport=dt_socket,suspend=y,address=localhost:60699 -Dcom.sun.management.jmxremote -Dcom.sun.management.jmxremote.port=60698 -Dcom.sun.management.jmxremote.authenticate=false -Dcom.sun.management.jmxremote.ssl=false -Djava.rmi.server.hostname=localhost -Dspring.jmx.enabled=true -Dmanagement.endpoints.jmx.exposure.include=* -Dspring.application.admin.enabled=true -XX:TieredStopAtLevel=1 -Dspring.boot.project.name=NumericalManagementApplication -javaagent:C:\pleiades\2024-03\eclipse\configuration\org.eclipse.osgi\251\0\.cp\lib\javaagent-shaded.jar -Dfile.encoding=UTF-8 -Dstdout.encoding=UTF-8 -Dstderr.encoding=UTF-8 
java_command: app.NumericalManagementApplication --spring.output.ansi.enabled=always
java_class_path (initial): C:\pleiades\2024-03\workspace\NumericalManagementApplication\target\classes;C:\Users\n\.m2\repository\org\springframework\boot\spring-boot-starter-data-jdbc\3.3.0\spring-boot-starter-data-jdbc-3.3.0.jar;C:\Users\n\.m2\repository\org\springframework\boot\spring-boot-starter-jdbc\3.3.0\spring-boot-starter-jdbc-3.3.0.jar;C:\Users\n\.m2\repository\com\zaxxer\HikariCP\5.1.0\HikariCP-5.1.0.jar;C:\Users\n\.m2\repository\org\springframework\spring-jdbc\6.1.8\spring-jdbc-6.1.8.jar;C:\Users\n\.m2\repository\org\springframework\data\spring-data-jdbc\3.3.0\spring-data-jdbc-3.3.0.jar;C:\Users\n\.m2\repository\org\springframework\data\spring-data-relational\3.3.0\spring-data-relational-3.3.0.jar;C:\Users\n\.m2\repository\com\github\jsqlparser\jsqlparser\4.6\jsqlparser-4.6.jar;C:\Users\n\.m2\repository\org\springframework\data\spring-data-commons\3.3.0\spring-data-commons-3.3.0.jar;C:\Users\n\.m2\repository\org\springframework\spring-tx\6.1.8\spring-tx-6.1.8.jar;C:\Users\n\.m2\repository\org\springframework\spring-context\6.1.8\spring-context-6.1.8.jar;C:\Users\n\.m2\repository\org\springframework\spring-beans\6.1.8\spring-beans-6.1.8.jar;C:\Users\n\.m2\repository\org\springframework\boot\spring-boot-starter-data-jpa\3.3.0\spring-boot-starter-data-jpa-3.3.0.jar;C:\Users\n\.m2\repository\org\springframework\boot\spring-boot-starter-aop\3.3.0\spring-boot-starter-aop-3.3.0.jar;C:\Users\n\.m2\repository\org\aspectj\aspectjweaver\1.9.22\aspectjweaver-1.9.22.jar;C:\Users\n\.m2\repository\org\hibernate\orm\hibernate-core\6.5.2.Final\hibernate-core-6.5.2.Final.jar;C:\Users\n\.m2\repository\jakarta\persistence\jakarta.persistence-api\3.1.0\jakarta.persistence-api-3.1.0.jar;C:\Users\n\.m2\repository\jakarta\transaction\jakarta.transaction-api\2.0.1\jakarta.transaction-api-2.0.1.jar;C:\Users\n\.m2\repository\org\jboss\logging\jboss-logging\3.5.3.Final\jboss-logging-3.5.3.Final.jar;C:\Users\n\.m2\repository\org\hibernate\common\hibernate-commons-annotations\6.0.6.Final\hibernate-commons-annotations-6.0.6.Final.jar;C:\Users\n\.m2\repository\io\smallrye\jandex\3.1.2\jandex-3.1.2.jar;C:\Users\n\.m2\repository\com\fasterxml\classmate\1.7.0\classmate-1.7.0.jar;C:\Users\n\.m2\repository\net\bytebuddy\byte-buddy\1.14.16\byte-buddy-1.14.16.jar;C:\Users\n\.m2\repository\org\glassfish\jaxb\jaxb-runtime\4.0.5\jaxb-runtime-4.0.5.jar;C:\Users\n\.m2\repository\org\glassfish\jaxb\jaxb-core\4.0.5\jaxb-core-4.0.5.jar;C:\Users\n\.m2\repository\org\eclipse\angus\angus-activation\2.0.2\angus-activation-2.0.2.jar;C:\Users\n\.m2\repository\org\glassfish\jaxb\txw2\4.0.5\txw2-4.0.5.jar;C:\Users\n\.m2\repository\com\sun\istack\istack-commons-runtime\4.1.2\istack-commons-runtime-4.1.2.jar;C:\Users\n\.m2\repository\jakarta\inject\jakarta.inject-api\2.0.1\jakarta.inject-api-2.0.1.jar;C:\Users\n\.m2\repository\org\antlr\antlr4-runtime\4.13.0\antlr4-runtime-4.13.0.jar;C:\Users\n\.m2\repository\org\springframework\data\spring-data-jpa\3.3.0\spring-data-jpa-3.3.0.jar;C:\Users\n\.m2\repository\org\springframework\spring-orm\6.1.8\spring-orm-6.1.8.jar;C:\Users\n\.m2\repository\jakarta\annotation\jakarta.annotation-api\2.1.1\jakarta.annotation-api-2.1.1.jar;C:\Users\n\.m2\repository\org\springframework\spring-aspects\6.1.8\spring-aspects-6.1.8.jar;C:\Users\n\.m2\repository\org\springframework\boot\spring-boot-starter-security\3.3.0\spring-boot-starter-security-3.3.0.jar;C:\Users\n\.m2\repository\org\springframework\boot\spring-boot-starter\3.3.0\spring-boot-starter-3.3.0.jar;C:\Users\n\.m2\repository\org\springframework\boot\spring-boot-starter-logging\3.3.0\spring-boot-starter-logging-3.3.0.jar;C:\Users\n\.m2\repository\ch\qos\logback\logback-classic\1.5.6\logback-classic-1.5.6.jar;C:\Users\n\.m2\repository\ch\qos\logback\logback-core\1.5.6\logback-core-1.5.6.jar;C:\Users\n\.m2\repository\org\apache\logging\log4j\log4j-to-slf4j\2.23.1\log4j-to-slf4j-2.23.1.jar;C:\Users\n\.m2\repository\org\apache\logging\log4j\log4j-api\2.23.1\log4j-api-2.23.1.jar;C:\Users\n\.m2\repository\org\slf4j\jul-to-slf4j\2.0.13\jul-to-slf4j-2.0.13.jar;C:\Users\n\.m2\repository\org\yaml\snakeyaml\2.2\snakeyaml-2.2.jar;C:\Users\n\.m2\repository\org\springframework\spring-aop\6.1.8\spring-aop-6.1.8.jar;C:\Users\n\.m2\repository\org\springframework\security\spring-security-config\6.3.0\spring-security-config-6.3.0.jar;C:\Users\n\.m2\repository\org\springframework\security\spring-security-web\6.3.0\spring-security-web-6.3.0.jar;C:\Users\n\.m2\repository\org\springframework\spring-expression\6.1.8\spring-expression-6.1.8.jar;C:\Users\n\.m2\repository\org\springframework\boot\spring-boot-starter-thymeleaf\3.3.0\spring-boot-starter-thymeleaf-3.3.0.jar;C:\Users\n\.m2\repository\org\thymeleaf\thymeleaf-spring6\3.1.2.RELEASE\thymeleaf-spring6-3.1.2.RELEASE.jar;C:\Users\n\.m2\repository\org\thymeleaf\thymeleaf\3.1.2.RELEASE\thymeleaf-3.1.2.RELEASE.jar;C:\Users\n\.m2\repository\org\attoparser\attoparser\2.0.7.RELEASE\attoparser-2.0.7.RELEASE.jar;C:\Users\n\.m2\repository\org\unbescape\unbescape\1.1.6.RELEASE\unbescape-1.1.6.RELEASE.jar;C:\Users\n\.m2\repository\org\springframework\boot\spring-boot-starter-validation\3.3.0\spring-boot-starter-validation-3.3.0.jar;C:\Users\n\.m2\repository\org\apache\tomcat\embed\tomcat-embed-el\10.1.24\tomcat-embed-el-10.1.24.jar;C:\Users\n\.m2\repository\org\hibernate\validator\hibernate-validator\8.0.1.Final\hibernate-validator-8.0.1.Final.jar;C:\Users\n\.m2\repository\jakarta\validation\jakarta.validation-api\3.0.2\jakarta.validation-api-3.0.2.jar;C:\Users\n\.m2\repository\org\springframework\boot\spring-boot-starter-web\3.3.0\spring-boot-starter-web-3.3.0.jar;C:\Users\n\.m2\repository\org\springframework\boot\spring-boot-starter-json\3.3.0\spring-boot-starter-json-3.3.0.jar;C:\Users\n\.m2\repository\com\fasterxml\jackson\core\jackson-databind\2.17.1\jackson-databind-2.17.1.jar;C:\Users\n\.m2\repository\com\fasterxml\jackson\core\jackson-annotations\2.17.1\jackson-annotations-2.17.1.jar;C:\Users\n\.m2\repository\com\fasterxml\jackson\core\jackson-core\2.17.1\jackson-core-2.17.1.jar;C:\Users\n\.m2\repository\com\fasterxml\jackson\datatype\jackson-datatype-jdk8\2.17.1\jackson-datatype-jdk8-2.17.1.jar;C:\Users\n\.m2\repository\com\fasterxml\jackson\datatype\jackson-datatype-jsr310\2.17.1\jackson-datatype-jsr310-2.17.1.jar;C:\Users\n\.m2\repository\com\fasterxml\jackson\module\jackson-module-parameter-names\2.17.1\jackson-module-parameter-names-2.17.1.jar;C:\Users\n\.m2\repository\org\springframework\boot\spring-boot-starter-tomcat\3.3.0\spring-boot-starter-tomcat-3.3.0.jar;C:\Users\n\.m2\repository\org\apache\tomcat\embed\tomcat-embed-core\10.1.24\tomcat-embed-core-10.1.24.jar;C:\Users\n\.m2\repository\org\apache\tomcat\embed\tomcat-embed-websocket\10.1.24\tomcat-embed-websocket-10.1.24.jar;C:\Users\n\.m2\repository\org\springframework\spring-web\6.1.8\spring-web-6.1.8.jar;C:\Users\n\.m2\repository\io\micrometer\micrometer-observation\1.13.0\micrometer-observation-1.13.0.jar;C:\Users\n\.m2\repository\io\micrometer\micrometer-commons\1.13.0\micrometer-commons-1.13.0.jar;C:\Users\n\.m2\repository\org\springframework\spring-webmvc\6.1.8\spring-webmvc-6.1.8.jar;C:\Users\n\.m2\repository\org\thymeleaf\extras\thymeleaf-extras-springsecurity6\3.1.2.RELEASE\thymeleaf-extras-springsecurity6-3.1.2.RELEASE.jar;C:\Users\n\.m2\repository\org\slf4j\slf4j-api\2.0.13\slf4j-api-2.0.13.jar;C:\Users\n\.m2\repository\org\springframework\boot\spring-boot-devtools\3.3.0\spring-boot-devtools-3.3.0.jar;C:\Users\n\.m2\repository\org\springframework\boot\spring-boot\3.3.0\spring-boot-3.3.0.jar;C:\Users\n\.m2\repository\org\springframework\boot\spring-boot-autoconfigure\3.3.0\spring-boot-autoconfigure-3.3.0.jar;C:\Users\n\.m2\repository\com\mysql\mysql-connector-j\8.3.0\mysql-connector-j-8.3.0.jar;C:\Users\n\.m2\repository\org\projectlombok\lombok\1.18.32\lombok-1.18.32.jar;C:\Users\n\.m2\repository\jakarta\xml\bind\jakarta.xml.bind-api\4.0.2\jakarta.xml.bind-api-4.0.2.jar;C:\Users\n\.m2\repository\jakarta\activation\jakarta.activation-api\2.1.3\jakarta.activation-api-2.1.3.jar;C:\Users\n\.m2\repository\org\springframework\spring-core\6.1.8\spring-core-6.1.8.jar;C:\Users\n\.m2\repository\org\springframework\spring-jcl\6.1.8\spring-jcl-6.1.8.jar;C:\Users\n\.m2\repository\org\springframework\security\spring-security-core\6.3.0\spring-security-core-6.3.0.jar;C:\Users\n\.m2\repository\org\springframework\security\spring-security-crypto\6.3.0\spring-security-crypto-6.3.0.jar
Launcher Type: SUN_STANDARD

[Global flags]
     intx CICompilerCount                          = 4                                         {product} {ergonomic}
     uint ConcGCThreads                            = 2                                         {product} {ergonomic}
     uint G1ConcRefinementThreads                  = 8                                         {product} {ergonomic}
   size_t G1HeapRegionSize                         = 2097152                                   {product} {ergonomic}
    uintx GCDrainStackTargetSize                   = 64                                        {product} {ergonomic}
   size_t InitialHeapSize                          = 268435456                                 {product} {ergonomic}
     bool ManagementServer                         = true                                      {product} {command line}
   size_t MarkStackSize                            = 4194304                                   {product} {ergonomic}
   size_t MaxHeapSize                              = 4282384384                                {product} {ergonomic}
   size_t MaxNewSize                               = 2569011200                                {product} {ergonomic}
   size_t MinHeapDeltaBytes                        = 2097152                                   {product} {ergonomic}
   size_t MinHeapSize                              = 8388608                                   {product} {ergonomic}
    uintx NonNMethodCodeHeapSize                   = 4096                                   {pd product} {ergonomic}
    uintx NonProfiledCodeHeapSize                  = 0                                      {pd product} {ergonomic}
     bool ProfileInterpreter                       = false                                  {pd product} {command line}
    uintx ProfiledCodeHeapSize                     = 0                                      {pd product} {ergonomic}
     bool ShowCodeDetailsInExceptionMessages       = true                                   {manageable} {command line}
   size_t SoftMaxHeapSize                          = 4282384384                             {manageable} {ergonomic}
     intx TieredStopAtLevel                        = 1                                         {product} {command line}
     bool UseCompressedOops                        = true                           {product lp64_product} {ergonomic}
     bool UseG1GC                                  = true                                      {product} {ergonomic}
     bool UseLargePagesIndividualAllocation        = false                                  {pd product} {ergonomic}

Logging:
Log output configuration:
 #0: stdout all=warning uptime,level,tags foldmultilines=false
 #1: stderr all=off uptime,level,tags foldmultilines=false

Environment Variables:
JAVA_HOME=C:\Program Files\Java\jdk-18.0.2.1
PATH=C:/pleiades/2024-03/java/21/bin/server;C:/pleiades/2024-03/java/21/bin;C:\WINDOWS.X64_193000_db_home\bin;C:\Program Files\Common Files\Oracle\Java\javapath;C:\Program Files (x86)\Common Files\Intel\Shared Libraries\redist\intel64_win\compiler;C:\Program Files (x86)\Common Files\Intel\Shared Libraries\redist\intel64\compiler;C:\Program Files (x86)\Intel\iCLS Client\;C:\Program Files\Intel\iCLS Client\;C:\Windows\system32;C:\Windows;C:\Windows\System32\Wbem;C:\Windows\System32\WindowsPowerShell\v1.0\;C:\Program Files (x86)\NVIDIA Corporation\PhysX\Common;C:\Program Files (x86)\Intel\Intel(R) Management Engine Components\DAL;C:\Program Files\Intel\Intel(R) Management Engine Components\DAL;C:\Program Files (x86)\Intel\Intel(R) Management Engine Components\IPT;C:\Program Files\Intel\Intel(R) Management Engine Components\IPT;C:\WINDOWS\system32;C:\WINDOWS;C:\WINDOWS\System32\Wbem;C:\WINDOWS\System32\WindowsPowerShell\v1.0\;C:\WINDOWS\System32\OpenSSH\;C:\Program Files\Java\jdk-18.0.2.1;C:\Program Files\Git\cmd;C:\Program Files\MySQL\MySQL Server 8.3\bin;C:\Program Files\Common Files\Oracle\Java\javapath;C:\Program Files\Java\jdk-18.0.2.1;C:\maven\apache-maven-3.8.8\bin;C:\Program Files (x86)\Common Files\Intel\Shared Libraries\redist\intel64_win\compiler;C:\Program Files (x86)\Common Files\Intel\Shared Libraries\redist\intel64\compiler;C:\Program Files (x86)\Intel\iCLS Client\;C:\Program Files\Intel\iCLS Client\;C:\Windows\system32;C:\Windows;C:\Windows\System32\Wbem;C:\Windows\System32\WindowsPowerShell\v1.0\;C:\Program Files (x86)\NVIDIA Corporation\PhysX\Common;C:\Program Files (x86)\Intel\Intel(R) Management Engine Components\DAL;C:\Program Files\Intel\Intel(R) Management Engine Components\DAL;C:\Program Files (x86)\Intel\Intel(R) Management Engine Components\IPT;C:\Program Files\Intel\Intel(R) Management Engine Components\IPT;C:\Program Files (x86)\QuickTime\QTSystem\;C:\WINDOWS\system32;C:\WINDOWS;C:\WINDOWS\System32\Wbem;C:\WINDOWS\System32\WindowsPowerShell\v1.0\;C:\WINDOWS\System32\OpenSSH\;C:\Program Files\Git\cmd;C:\MyProgram\OracleInstantClient\instantclient_21_9;;C:\pleiades\2024-03\eclipse;
USERNAME=n
OS=Windows_NT
PROCESSOR_IDENTIFIER=Intel64 Family 6 Model 158 Stepping 9, GenuineIntel
TMP=C:\Users\n\AppData\Local\Temp
TEMP=C:\Users\n\AppData\Local\Temp




Periodic native trim disabled

---------------  S Y S T E M  ---------------

OS:
 Windows 10 , 64 bit Build 19041 (10.0.19041.3636)
OS uptime: 1 days 11:39 hours
Hyper-V role detected

CPU: total 8 (initial active 8) (4 cores per cpu, 2 threads per core) family 6 model 158 stepping 9 microcode 0xb4, cx8, cmov, fxsr, ht, mmx, 3dnowpref, sse, sse2, sse3, ssse3, sse4.1, sse4.2, popcnt, lzcnt, tsc, tscinvbit, avx, avx2, aes, erms, clmul, bmi1, bmi2, rtm, adx, fma, vzeroupper, clflush, clflushopt, hv, rdtscp, f16c
Processor Information for all 8 processors :
  Max Mhz: 3601, Current Mhz: 3601, Mhz Limit: 3601

Memory: 4k page, system-wide physical 16329M (6298M free)
TotalPageFile size 18761M (AvailPageFile size 2908M)
current process WorkingSet (physical memory assigned to process): 317M, peak: 317M
current process commit charge ("private bytes"): 356M, peak: 380M

vm_info: OpenJDK 64-Bit Server VM (21.0.2+13-LTS) for windows-amd64 JRE (21.0.2+13-LTS), built on 2024-01-16T00:00:00Z by "admin" with unknown MS VC++:1937

END.
